[2024-11-30 19:12:25] local.INFO: Forum Posts Retrieved: [{"id":3,"title":"ehdcjhjwdf","body":"djfdsfjdf","user_id":1,"viewCount":187,"comments":0,"created_at":"2024-11-25T16:19:11.000000Z","updated_at":"2024-11-30T16:33:14.000000Z","status":"Visible","user":{"id":1,"name":"Carmel Tabada","email":"carmel@gmail.com","email_verified_at":null,"uni_id_num":null,"user_pnum":null,"user_aboutme":null,"user_type":"general_user","user_status":"active","is_premium":false,"user_pic":"storage/profile_pics/Carmel Tabada_1732452873.png","created_at":"2024-11-24T09:32:43.000000Z","updated_at":"2024-11-24T12:54:33.000000Z","user_dob":"9/25/2002","is_affiliated":0,"active_status":0,"avatar":"avatar.png","dark_mode":0,"messenger_color":null,"google_user_id":null,"google_access_token":null,"google_refresh_token":null,"google_token_expiry":null},"tags":[{"id":2,"name":"djfsdf","created_at":"2024-11-25T16:19:11.000000Z","updated_at":"2024-11-25T16:19:11.000000Z","pivot":{"forum_post_id":3,"forum_tag_id":2}},{"id":3,"name":"sdfsdf","created_at":"2024-11-25T16:19:11.000000Z","updated_at":"2024-11-25T16:19:11.000000Z","pivot":{"forum_post_id":3,"forum_tag_id":3}}]}] 
[2024-11-30 19:12:56] local.INFO: hello  
[2024-11-30 19:13:00] local.INFO: []  
[2024-11-30 19:13:03] local.INFO: My keyword:   
[2024-11-30 19:13:03] local.INFO: Search field: Title  
[2024-11-30 19:13:03] local.INFO: Published Manuscripts: {"manuscripts":{"Illuminate\\Database\\Eloquent\\Collection":[]}} 
[2024-11-30 19:13:03] local.INFO: No manuscripts found for the given keyword and search field.  
[2024-11-30 19:16:12] local.INFO: []  
[2024-11-30 19:16:13] local.INFO: Forum Posts Retrieved: [{"id":3,"title":"ehdcjhjwdf","body":"djfdsfjdf","user_id":1,"viewCount":187,"comments":0,"created_at":"2024-11-25T16:19:11.000000Z","updated_at":"2024-11-30T16:33:14.000000Z","status":"Visible","user":{"id":1,"name":"Carmel Tabada","email":"carmel@gmail.com","email_verified_at":null,"uni_id_num":null,"user_pnum":null,"user_aboutme":null,"user_type":"general_user","user_status":"active","is_premium":false,"user_pic":"storage/profile_pics/Carmel Tabada_1732452873.png","created_at":"2024-11-24T09:32:43.000000Z","updated_at":"2024-11-24T12:54:33.000000Z","user_dob":"9/25/2002","is_affiliated":0,"active_status":0,"avatar":"avatar.png","dark_mode":0,"messenger_color":null,"google_user_id":null,"google_access_token":null,"google_refresh_token":null,"google_token_expiry":null},"tags":[{"id":2,"name":"djfsdf","created_at":"2024-11-25T16:19:11.000000Z","updated_at":"2024-11-25T16:19:11.000000Z","pivot":{"forum_post_id":3,"forum_tag_id":2}},{"id":3,"name":"sdfsdf","created_at":"2024-11-25T16:19:11.000000Z","updated_at":"2024-11-25T16:19:11.000000Z","pivot":{"forum_post_id":3,"forum_tag_id":3}}]}] 
[2024-11-30 19:16:16] local.INFO: Fetching post with ID: 3  
[2024-11-30 19:25:19] local.INFO: hello  
[2024-11-30 19:25:23] local.INFO: []  
[2024-11-30 19:25:25] local.INFO: My keyword:   
[2024-11-30 19:25:25] local.INFO: Search field: Title  
[2024-11-30 19:25:25] local.INFO: Published Manuscripts: {"manuscripts":{"Illuminate\\Database\\Eloquent\\Collection":[]}} 
[2024-11-30 19:25:25] local.INFO: No manuscripts found for the given keyword and search field.  
[2024-11-30 19:25:30] local.INFO: []  
[2024-11-30 19:25:32] local.INFO: My keyword:   
[2024-11-30 19:25:32] local.INFO: Search field: Title  
[2024-11-30 19:25:32] local.INFO: Published Manuscripts: {"manuscripts":{"Illuminate\\Database\\Eloquent\\Collection":[]}} 
[2024-11-30 19:25:32] local.INFO: No manuscripts found for the given keyword and search field.  
[2024-11-30 19:25:36] local.INFO: []  
[2024-11-30 19:25:37] local.INFO: Forum Posts Retrieved: [{"id":3,"title":"ehdcjhjwdf","body":"djfdsfjdf","user_id":1,"viewCount":188,"comments":0,"created_at":"2024-11-25T16:19:11.000000Z","updated_at":"2024-11-30T19:16:16.000000Z","status":"Visible","user":{"id":1,"name":"Carmel Tabada","email":"carmel@gmail.com","email_verified_at":null,"uni_id_num":null,"user_pnum":null,"user_aboutme":null,"user_type":"general_user","user_status":"active","is_premium":false,"user_pic":"storage/profile_pics/Carmel Tabada_1732452873.png","created_at":"2024-11-24T09:32:43.000000Z","updated_at":"2024-11-24T12:54:33.000000Z","user_dob":"9/25/2002","is_affiliated":0,"active_status":0,"avatar":"avatar.png","dark_mode":0,"messenger_color":null,"google_user_id":null,"google_access_token":null,"google_refresh_token":null,"google_token_expiry":null},"tags":[{"id":2,"name":"djfsdf","created_at":"2024-11-25T16:19:11.000000Z","updated_at":"2024-11-25T16:19:11.000000Z","pivot":{"forum_post_id":3,"forum_tag_id":2}},{"id":3,"name":"sdfsdf","created_at":"2024-11-25T16:19:11.000000Z","updated_at":"2024-11-25T16:19:11.000000Z","pivot":{"forum_post_id":3,"forum_tag_id":3}}]}] 
[2024-11-30 19:25:39] local.INFO: Fetching post with ID: 3  
[2024-11-30 19:25:49] local.INFO: sdsd  
[2024-11-30 19:25:49] local.INFO: Created comment: {"forum_post_id":3,"user_id":"01a","comment":"sdsd","updated_at":"2024-11-30T19:25:49.000000Z","created_at":"2024-11-30T19:25:49.000000Z","id":26} 
[2024-11-30 19:25:55] local.INFO: neww  
[2024-11-30 19:25:55] local.INFO: Created comment: {"forum_post_id":3,"user_id":"01a","comment":"neww","updated_at":"2024-11-30T19:25:55.000000Z","created_at":"2024-11-30T19:25:55.000000Z","id":27} 
[2024-11-30 19:27:52] local.INFO: []  
[2024-11-30 19:27:53] local.INFO: Forum Posts Retrieved: [{"id":3,"title":"ehdcjhjwdf","body":"djfdsfjdf","user_id":1,"viewCount":189,"comments":0,"created_at":"2024-11-25T16:19:11.000000Z","updated_at":"2024-11-30T19:25:39.000000Z","status":"Visible","user":{"id":1,"name":"Carmel Tabada","email":"carmel@gmail.com","email_verified_at":null,"uni_id_num":null,"user_pnum":null,"user_aboutme":null,"user_type":"general_user","user_status":"active","is_premium":false,"user_pic":"storage/profile_pics/Carmel Tabada_1732452873.png","created_at":"2024-11-24T09:32:43.000000Z","updated_at":"2024-11-24T12:54:33.000000Z","user_dob":"9/25/2002","is_affiliated":0,"active_status":0,"avatar":"avatar.png","dark_mode":0,"messenger_color":null,"google_user_id":null,"google_access_token":null,"google_refresh_token":null,"google_token_expiry":null},"tags":[{"id":2,"name":"djfsdf","created_at":"2024-11-25T16:19:11.000000Z","updated_at":"2024-11-25T16:19:11.000000Z","pivot":{"forum_post_id":3,"forum_tag_id":2}},{"id":3,"name":"sdfsdf","created_at":"2024-11-25T16:19:11.000000Z","updated_at":"2024-11-25T16:19:11.000000Z","pivot":{"forum_post_id":3,"forum_tag_id":3}}]}] 
[2024-11-30 19:27:57] local.INFO: Fetching post with ID: 3  
[2024-11-30 19:28:06] local.INFO: damnnn  
[2024-11-30 19:28:06] local.INFO: Created comment: {"forum_post_id":3,"user_id":"01a","comment":"damnnn","updated_at":"2024-11-30T19:28:06.000000Z","created_at":"2024-11-30T19:28:06.000000Z","id":28} 
[2024-11-30 19:28:22] local.INFO: Fetching post with ID: 3  
[2024-11-30 19:50:04] local.INFO: []  
[2024-11-30 19:50:05] local.INFO: Forum Posts Retrieved: [{"id":3,"title":"ehdcjhjwdf","body":"djfdsfjdf","user_id":1,"viewCount":191,"comments":0,"created_at":"2024-11-25T16:19:11.000000Z","updated_at":"2024-11-30T19:28:22.000000Z","status":"Visible","user":{"id":1,"name":"Carmel Tabada","email":"carmel@gmail.com","email_verified_at":null,"uni_id_num":null,"user_pnum":null,"user_aboutme":null,"user_type":"general_user","user_status":"active","is_premium":false,"user_pic":"storage/profile_pics/Carmel Tabada_1732452873.png","created_at":"2024-11-24T09:32:43.000000Z","updated_at":"2024-11-24T12:54:33.000000Z","user_dob":"9/25/2002","is_affiliated":0,"active_status":0,"avatar":"avatar.png","dark_mode":0,"messenger_color":null,"google_user_id":null,"google_access_token":null,"google_refresh_token":null,"google_token_expiry":null},"tags":[{"id":2,"name":"djfsdf","created_at":"2024-11-25T16:19:11.000000Z","updated_at":"2024-11-25T16:19:11.000000Z","pivot":{"forum_post_id":3,"forum_tag_id":2}},{"id":3,"name":"sdfsdf","created_at":"2024-11-25T16:19:11.000000Z","updated_at":"2024-11-25T16:19:11.000000Z","pivot":{"forum_post_id":3,"forum_tag_id":3}}]}] 
[2024-11-30 19:50:10] local.INFO: Fetching post with ID: 3  
[2024-11-30 19:50:20] local.INFO: hoyy  
[2024-11-30 19:50:20] local.INFO: Created comment: {"forum_post_id":3,"user_id":"01a","comment":"hoyy","updated_at":"2024-11-30T19:50:20.000000Z","created_at":"2024-11-30T19:50:20.000000Z","id":29} 
[2024-11-30 19:50:39] local.INFO: Fetching post with ID: 3  
[2024-11-30 19:53:56] local.INFO: []  
[2024-11-30 19:53:57] local.INFO: Forum Posts Retrieved: [{"id":3,"title":"ehdcjhjwdf","body":"djfdsfjdf","user_id":1,"viewCount":193,"comments":0,"created_at":"2024-11-25T16:19:11.000000Z","updated_at":"2024-11-30T19:50:39.000000Z","status":"Visible","user":{"id":1,"name":"Carmel Tabada","email":"carmel@gmail.com","email_verified_at":null,"uni_id_num":null,"user_pnum":null,"user_aboutme":null,"user_type":"general_user","user_status":"active","is_premium":false,"user_pic":"storage/profile_pics/Carmel Tabada_1732452873.png","created_at":"2024-11-24T09:32:43.000000Z","updated_at":"2024-11-24T12:54:33.000000Z","user_dob":"9/25/2002","is_affiliated":0,"active_status":0,"avatar":"avatar.png","dark_mode":0,"messenger_color":null,"google_user_id":null,"google_access_token":null,"google_refresh_token":null,"google_token_expiry":null},"tags":[{"id":2,"name":"djfsdf","created_at":"2024-11-25T16:19:11.000000Z","updated_at":"2024-11-25T16:19:11.000000Z","pivot":{"forum_post_id":3,"forum_tag_id":2}},{"id":3,"name":"sdfsdf","created_at":"2024-11-25T16:19:11.000000Z","updated_at":"2024-11-25T16:19:11.000000Z","pivot":{"forum_post_id":3,"forum_tag_id":3}}]}] 
[2024-11-30 19:54:00] local.INFO: Fetching post with ID: 3  
[2024-11-30 19:54:07] local.INFO: huh  
[2024-11-30 19:54:07] local.INFO: Created comment: {"forum_post_id":3,"user_id":"01a","comment":"huh","updated_at":"2024-11-30T19:54:07.000000Z","created_at":"2024-11-30T19:54:07.000000Z","id":30} 
[2024-11-30 19:57:21] local.INFO: yeyy  
[2024-11-30 19:57:21] local.INFO: Created comment: {"forum_post_id":3,"user_id":"01a","comment":"yeyy","updated_at":"2024-11-30T19:57:21.000000Z","created_at":"2024-11-30T19:57:21.000000Z","id":31} 
[2024-11-30 20:00:10] local.INFO: 98898\  
[2024-11-30 20:00:10] local.INFO: Created comment: {"forum_post_id":3,"user_id":"01a","comment":"98898\\","updated_at":"2024-11-30T20:00:10.000000Z","created_at":"2024-11-30T20:00:10.000000Z","id":32} 
[2024-11-30 20:03:45] local.INFO: jgggkgku  
[2024-11-30 20:03:45] local.INFO: Created comment: {"forum_post_id":3,"user_id":"01a","comment":"jgggkgku","updated_at":"2024-11-30T20:03:45.000000Z","created_at":"2024-11-30T20:03:45.000000Z","id":33} 
[2024-11-30 20:06:21] local.INFO: damnasndasd  
[2024-11-30 20:06:21] local.INFO: Created comment: {"forum_post_id":3,"user_id":"01a","comment":"damnasndasd","updated_at":"2024-11-30T20:06:21.000000Z","created_at":"2024-11-30T20:06:21.000000Z","id":34} 
[2024-11-30 20:06:32] local.INFO: Fetching post with ID: 3  
[2024-11-30 20:08:57] local.INFO: Fetching post with ID: 3  
[2024-11-30 20:09:01] local.INFO: mineee  
[2024-11-30 20:09:01] local.INFO: Created comment: {"forum_post_id":3,"user_id":"01a","comment":"mineee","updated_at":"2024-11-30T20:09:01.000000Z","created_at":"2024-11-30T20:09:01.000000Z","id":35} 
[2024-11-30 20:14:22] local.INFO: Fetching post with ID: 3  
[2024-11-30 20:14:39] local.INFO: Fetching post with ID: 3  
[2024-11-30 20:14:48] local.INFO: []  
[2024-11-30 20:14:49] local.INFO: Forum Posts Retrieved: [{"id":3,"title":"ehdcjhjwdf","body":"djfdsfjdf","user_id":1,"viewCount":198,"comments":0,"created_at":"2024-11-25T16:19:11.000000Z","updated_at":"2024-11-30T20:14:39.000000Z","status":"Visible","user":{"id":1,"name":"Carmel Tabada","email":"carmel@gmail.com","email_verified_at":null,"uni_id_num":null,"user_pnum":null,"user_aboutme":null,"user_type":"general_user","user_status":"active","is_premium":false,"user_pic":"storage/profile_pics/Carmel Tabada_1732452873.png","created_at":"2024-11-24T09:32:43.000000Z","updated_at":"2024-11-24T12:54:33.000000Z","user_dob":"9/25/2002","is_affiliated":0,"active_status":0,"avatar":"avatar.png","dark_mode":0,"messenger_color":null,"google_user_id":null,"google_access_token":null,"google_refresh_token":null,"google_token_expiry":null},"tags":[{"id":2,"name":"djfsdf","created_at":"2024-11-25T16:19:11.000000Z","updated_at":"2024-11-25T16:19:11.000000Z","pivot":{"forum_post_id":3,"forum_tag_id":2}},{"id":3,"name":"sdfsdf","created_at":"2024-11-25T16:19:11.000000Z","updated_at":"2024-11-25T16:19:11.000000Z","pivot":{"forum_post_id":3,"forum_tag_id":3}}]}] 
[2024-11-30 20:14:52] local.INFO: Fetching post with ID: 3  
[2024-11-30 20:14:58] local.INFO: gdfdfdf  
[2024-11-30 20:14:58] local.INFO: Created comment: {"forum_post_id":3,"user_id":"01a","comment":"gdfdfdf","updated_at":"2024-11-30T20:14:58.000000Z","created_at":"2024-11-30T20:14:58.000000Z","id":36} 
[2024-11-30 20:15:17] local.INFO: iuiumuilui  
[2024-11-30 20:15:17] local.INFO: Created comment: {"forum_post_id":3,"user_id":"01a","comment":"iuiumuilui","updated_at":"2024-11-30T20:15:17.000000Z","created_at":"2024-11-30T20:15:17.000000Z","id":37} 
[2024-11-30 20:15:33] local.INFO: Fetching post with ID: 3  
[2024-11-30 20:16:25] local.INFO: noooo  
[2024-11-30 20:16:25] local.INFO: Created comment: {"forum_post_id":3,"user_id":"01a","comment":"noooo","updated_at":"2024-11-30T20:16:25.000000Z","created_at":"2024-11-30T20:16:25.000000Z","id":38} 
[2024-11-30 20:19:59] local.INFO: APOTRTR  
[2024-11-30 20:19:59] local.INFO: Created comment: {"forum_post_id":3,"user_id":"01a","comment":"APOTRTR","updated_at":"2024-11-30T20:19:59.000000Z","created_at":"2024-11-30T20:19:59.000000Z","id":39} 
[2024-11-30 20:20:10] local.INFO: Fetching post with ID: 3  
[2024-11-30 20:21:13] local.INFO: yess  
[2024-11-30 20:21:13] local.INFO: Created comment: {"forum_post_id":3,"user_id":"01a","comment":"yess","updated_at":"2024-11-30T20:21:13.000000Z","created_at":"2024-11-30T20:21:13.000000Z","id":40} 
[2024-11-30 20:21:24] local.INFO: Fetching post with ID: 3  
[2024-11-30 20:26:00] local.INFO: []  
[2024-11-30 20:26:01] local.INFO: Forum Posts Retrieved: [{"id":3,"title":"ehdcjhjwdf","body":"djfdsfjdf","user_id":1,"viewCount":202,"comments":0,"created_at":"2024-11-25T16:19:11.000000Z","updated_at":"2024-11-30T20:21:24.000000Z","status":"Visible","user":{"id":1,"name":"Carmel Tabada","email":"carmel@gmail.com","email_verified_at":null,"uni_id_num":null,"user_pnum":null,"user_aboutme":null,"user_type":"general_user","user_status":"active","is_premium":false,"user_pic":"storage/profile_pics/Carmel Tabada_1732452873.png","created_at":"2024-11-24T09:32:43.000000Z","updated_at":"2024-11-24T12:54:33.000000Z","user_dob":"9/25/2002","is_affiliated":0,"active_status":0,"avatar":"avatar.png","dark_mode":0,"messenger_color":null,"google_user_id":null,"google_access_token":null,"google_refresh_token":null,"google_token_expiry":null},"tags":[{"id":2,"name":"djfsdf","created_at":"2024-11-25T16:19:11.000000Z","updated_at":"2024-11-25T16:19:11.000000Z","pivot":{"forum_post_id":3,"forum_tag_id":2}},{"id":3,"name":"sdfsdf","created_at":"2024-11-25T16:19:11.000000Z","updated_at":"2024-11-25T16:19:11.000000Z","pivot":{"forum_post_id":3,"forum_tag_id":3}}]}] 
[2024-11-30 20:26:09] local.INFO: Fetching post with ID: 3  
[2024-11-30 20:35:04] local.INFO: Forum Posts Retrieved: [{"id":3,"title":"ehdcjhjwdf","body":"djfdsfjdf","user_id":1,"viewCount":203,"comments":0,"created_at":"2024-11-25T16:19:11.000000Z","updated_at":"2024-11-30T20:26:09.000000Z","status":"Visible","user":{"id":1,"name":"Carmel Tabada","email":"carmel@gmail.com","email_verified_at":null,"uni_id_num":null,"user_pnum":null,"user_aboutme":null,"user_type":"general_user","user_status":"active","is_premium":false,"user_pic":"storage/profile_pics/Carmel Tabada_1732452873.png","created_at":"2024-11-24T09:32:43.000000Z","updated_at":"2024-11-24T12:54:33.000000Z","user_dob":"9/25/2002","is_affiliated":0,"active_status":0,"avatar":"avatar.png","dark_mode":0,"messenger_color":null,"google_user_id":null,"google_access_token":null,"google_refresh_token":null,"google_token_expiry":null},"tags":[{"id":2,"name":"djfsdf","created_at":"2024-11-25T16:19:11.000000Z","updated_at":"2024-11-25T16:19:11.000000Z","pivot":{"forum_post_id":3,"forum_tag_id":2}},{"id":3,"name":"sdfsdf","created_at":"2024-11-25T16:19:11.000000Z","updated_at":"2024-11-25T16:19:11.000000Z","pivot":{"forum_post_id":3,"forum_tag_id":3}}]}] 
[2024-11-30 20:35:19] local.INFO: Fetching post with ID: 3  
[2024-11-30 20:52:51] local.INFO: aptt  
[2024-11-30 20:52:51] local.INFO: Created comment: {"forum_post_id":3,"user_id":"01a","comment":"aptt","updated_at":"2024-11-30T20:52:51.000000Z","created_at":"2024-11-30T20:52:51.000000Z","id":41} 
[2024-11-30 20:55:34] local.INFO: haluu  
[2024-11-30 20:55:35] local.INFO: Created comment: {"forum_post_id":3,"user_id":"01a","comment":"haluu","updated_at":"2024-11-30T20:55:35.000000Z","created_at":"2024-11-30T20:55:35.000000Z","id":42} 
[2024-11-30 20:58:50] local.INFO: milll  
[2024-11-30 20:58:50] local.INFO: Created comment: {"forum_post_id":3,"user_id":"01a","comment":"milll","updated_at":"2024-11-30T20:58:50.000000Z","created_at":"2024-11-30T20:58:50.000000Z","id":43} 
[2024-11-30 20:59:05] local.INFO: Fetching post with ID: 3  
[2024-11-30 21:03:50] local.INFO: Fetching post with ID: 3  
[2024-11-30 21:07:40] local.INFO: []  
[2024-11-30 21:07:41] local.INFO: Forum Posts Retrieved: [{"id":3,"title":"ehdcjhjwdf","body":"djfdsfjdf","user_id":1,"viewCount":206,"comments":0,"created_at":"2024-11-25T16:19:11.000000Z","updated_at":"2024-11-30T21:03:50.000000Z","status":"Visible","user":{"id":1,"name":"Carmel Tabada","email":"carmel@gmail.com","email_verified_at":null,"uni_id_num":null,"user_pnum":null,"user_aboutme":null,"user_type":"general_user","user_status":"active","is_premium":false,"user_pic":"storage/profile_pics/Carmel Tabada_1732452873.png","created_at":"2024-11-24T09:32:43.000000Z","updated_at":"2024-11-24T12:54:33.000000Z","user_dob":"9/25/2002","is_affiliated":0,"active_status":0,"avatar":"avatar.png","dark_mode":0,"messenger_color":null,"google_user_id":null,"google_access_token":null,"google_refresh_token":null,"google_token_expiry":null},"tags":[{"id":2,"name":"djfsdf","created_at":"2024-11-25T16:19:11.000000Z","updated_at":"2024-11-25T16:19:11.000000Z","pivot":{"forum_post_id":3,"forum_tag_id":2}},{"id":3,"name":"sdfsdf","created_at":"2024-11-25T16:19:11.000000Z","updated_at":"2024-11-25T16:19:11.000000Z","pivot":{"forum_post_id":3,"forum_tag_id":3}}]}] 
[2024-11-30 21:07:44] local.INFO: Fetching post with ID: 3  
[2024-11-30 21:13:50] local.INFO: []  
[2024-11-30 21:13:50] local.INFO: Forum Posts Retrieved: [{"id":3,"title":"ehdcjhjwdf","body":"djfdsfjdf","user_id":1,"viewCount":207,"comments":0,"created_at":"2024-11-25T16:19:11.000000Z","updated_at":"2024-11-30T21:07:44.000000Z","status":"Visible","user":{"id":1,"name":"Carmel Tabada","email":"carmel@gmail.com","email_verified_at":null,"uni_id_num":null,"user_pnum":null,"user_aboutme":null,"user_type":"general_user","user_status":"active","is_premium":false,"user_pic":"storage/profile_pics/Carmel Tabada_1732452873.png","created_at":"2024-11-24T09:32:43.000000Z","updated_at":"2024-11-24T12:54:33.000000Z","user_dob":"9/25/2002","is_affiliated":0,"active_status":0,"avatar":"avatar.png","dark_mode":0,"messenger_color":null,"google_user_id":null,"google_access_token":null,"google_refresh_token":null,"google_token_expiry":null},"tags":[{"id":2,"name":"djfsdf","created_at":"2024-11-25T16:19:11.000000Z","updated_at":"2024-11-25T16:19:11.000000Z","pivot":{"forum_post_id":3,"forum_tag_id":2}},{"id":3,"name":"sdfsdf","created_at":"2024-11-25T16:19:11.000000Z","updated_at":"2024-11-25T16:19:11.000000Z","pivot":{"forum_post_id":3,"forum_tag_id":3}}]}] 
[2024-11-30 21:15:24] local.INFO: Forum Posts Retrieved: [{"id":3,"title":"ehdcjhjwdf","body":"djfdsfjdf","user_id":1,"viewCount":207,"comments":0,"created_at":"2024-11-25T16:19:11.000000Z","updated_at":"2024-11-30T21:07:44.000000Z","status":"Visible","user":{"id":1,"name":"Carmel Tabada","email":"carmel@gmail.com","email_verified_at":null,"uni_id_num":null,"user_pnum":null,"user_aboutme":null,"user_type":"general_user","user_status":"active","is_premium":false,"user_pic":"storage/profile_pics/Carmel Tabada_1732452873.png","created_at":"2024-11-24T09:32:43.000000Z","updated_at":"2024-11-24T12:54:33.000000Z","user_dob":"9/25/2002","is_affiliated":0,"active_status":0,"avatar":"avatar.png","dark_mode":0,"messenger_color":null,"google_user_id":null,"google_access_token":null,"google_refresh_token":null,"google_token_expiry":null},"tags":[{"id":2,"name":"djfsdf","created_at":"2024-11-25T16:19:11.000000Z","updated_at":"2024-11-25T16:19:11.000000Z","pivot":{"forum_post_id":3,"forum_tag_id":2}},{"id":3,"name":"sdfsdf","created_at":"2024-11-25T16:19:11.000000Z","updated_at":"2024-11-25T16:19:11.000000Z","pivot":{"forum_post_id":3,"forum_tag_id":3}}]}] 
[2024-11-30 21:15:29] local.INFO: Fetching post with ID: 3  
[2024-11-30 21:16:01] local.INFO: Forum Posts Retrieved: [{"id":3,"title":"ehdcjhjwdf","body":"djfdsfjdf","user_id":1,"viewCount":208,"comments":0,"created_at":"2024-11-25T16:19:11.000000Z","updated_at":"2024-11-30T21:15:29.000000Z","status":"Visible","user":{"id":1,"name":"Carmel Tabada","email":"carmel@gmail.com","email_verified_at":null,"uni_id_num":null,"user_pnum":null,"user_aboutme":null,"user_type":"general_user","user_status":"active","is_premium":false,"user_pic":"storage/profile_pics/Carmel Tabada_1732452873.png","created_at":"2024-11-24T09:32:43.000000Z","updated_at":"2024-11-24T12:54:33.000000Z","user_dob":"9/25/2002","is_affiliated":0,"active_status":0,"avatar":"avatar.png","dark_mode":0,"messenger_color":null,"google_user_id":null,"google_access_token":null,"google_refresh_token":null,"google_token_expiry":null},"tags":[{"id":2,"name":"djfsdf","created_at":"2024-11-25T16:19:11.000000Z","updated_at":"2024-11-25T16:19:11.000000Z","pivot":{"forum_post_id":3,"forum_tag_id":2}},{"id":3,"name":"sdfsdf","created_at":"2024-11-25T16:19:11.000000Z","updated_at":"2024-11-25T16:19:11.000000Z","pivot":{"forum_post_id":3,"forum_tag_id":3}}]}] 
[2024-11-30 21:16:02] local.INFO: []  
[2024-11-30 21:16:04] local.INFO: Fetching post with ID: 3  
[2024-11-30 21:16:19] local.INFO: Forum Posts Retrieved: [{"id":3,"title":"ehdcjhjwdf","body":"djfdsfjdf","user_id":1,"viewCount":209,"comments":0,"created_at":"2024-11-25T16:19:11.000000Z","updated_at":"2024-11-30T21:16:04.000000Z","status":"Visible","user":{"id":1,"name":"Carmel Tabada","email":"carmel@gmail.com","email_verified_at":null,"uni_id_num":null,"user_pnum":null,"user_aboutme":null,"user_type":"general_user","user_status":"active","is_premium":false,"user_pic":"storage/profile_pics/Carmel Tabada_1732452873.png","created_at":"2024-11-24T09:32:43.000000Z","updated_at":"2024-11-24T12:54:33.000000Z","user_dob":"9/25/2002","is_affiliated":0,"active_status":0,"avatar":"avatar.png","dark_mode":0,"messenger_color":null,"google_user_id":null,"google_access_token":null,"google_refresh_token":null,"google_token_expiry":null},"tags":[{"id":2,"name":"djfsdf","created_at":"2024-11-25T16:19:11.000000Z","updated_at":"2024-11-25T16:19:11.000000Z","pivot":{"forum_post_id":3,"forum_tag_id":2}},{"id":3,"name":"sdfsdf","created_at":"2024-11-25T16:19:11.000000Z","updated_at":"2024-11-25T16:19:11.000000Z","pivot":{"forum_post_id":3,"forum_tag_id":3}}]}] 
[2024-11-30 21:16:28] local.INFO: []  
[2024-11-30 21:16:29] local.INFO: Forum Posts Retrieved: [{"id":3,"title":"ehdcjhjwdf","body":"djfdsfjdf","user_id":1,"viewCount":209,"comments":0,"created_at":"2024-11-25T16:19:11.000000Z","updated_at":"2024-11-30T21:16:04.000000Z","status":"Visible","user":{"id":1,"name":"Carmel Tabada","email":"carmel@gmail.com","email_verified_at":null,"uni_id_num":null,"user_pnum":null,"user_aboutme":null,"user_type":"general_user","user_status":"active","is_premium":false,"user_pic":"storage/profile_pics/Carmel Tabada_1732452873.png","created_at":"2024-11-24T09:32:43.000000Z","updated_at":"2024-11-24T12:54:33.000000Z","user_dob":"9/25/2002","is_affiliated":0,"active_status":0,"avatar":"avatar.png","dark_mode":0,"messenger_color":null,"google_user_id":null,"google_access_token":null,"google_refresh_token":null,"google_token_expiry":null},"tags":[{"id":2,"name":"djfsdf","created_at":"2024-11-25T16:19:11.000000Z","updated_at":"2024-11-25T16:19:11.000000Z","pivot":{"forum_post_id":3,"forum_tag_id":2}},{"id":3,"name":"sdfsdf","created_at":"2024-11-25T16:19:11.000000Z","updated_at":"2024-11-25T16:19:11.000000Z","pivot":{"forum_post_id":3,"forum_tag_id":3}}]}] 
[2024-11-30 21:16:31] local.INFO: Fetching post with ID: 3  
[2024-11-30 21:17:27] local.INFO: Forum Posts Retrieved: [{"id":3,"title":"ehdcjhjwdf","body":"djfdsfjdf","user_id":1,"viewCount":210,"comments":0,"created_at":"2024-11-25T16:19:11.000000Z","updated_at":"2024-11-30T21:16:31.000000Z","status":"Visible","user":{"id":1,"name":"Carmel Tabada","email":"carmel@gmail.com","email_verified_at":null,"uni_id_num":null,"user_pnum":null,"user_aboutme":null,"user_type":"general_user","user_status":"active","is_premium":false,"user_pic":"storage/profile_pics/Carmel Tabada_1732452873.png","created_at":"2024-11-24T09:32:43.000000Z","updated_at":"2024-11-24T12:54:33.000000Z","user_dob":"9/25/2002","is_affiliated":0,"active_status":0,"avatar":"avatar.png","dark_mode":0,"messenger_color":null,"google_user_id":null,"google_access_token":null,"google_refresh_token":null,"google_token_expiry":null},"tags":[{"id":2,"name":"djfsdf","created_at":"2024-11-25T16:19:11.000000Z","updated_at":"2024-11-25T16:19:11.000000Z","pivot":{"forum_post_id":3,"forum_tag_id":2}},{"id":3,"name":"sdfsdf","created_at":"2024-11-25T16:19:11.000000Z","updated_at":"2024-11-25T16:19:11.000000Z","pivot":{"forum_post_id":3,"forum_tag_id":3}}]}] 
[2024-11-30 21:18:01] local.INFO: 0909009  
[2024-11-30 21:18:01] local.INFO: Created comment: {"forum_post_id":3,"user_id":"01a","comment":"0909009","updated_at":"2024-11-30T21:18:01.000000Z","created_at":"2024-11-30T21:18:01.000000Z","id":44} 
[2024-11-30 21:20:22] local.INFO: Fetching post with ID: 3  
[2024-11-30 21:20:38] local.INFO: Fetching post with ID: 3  
[2024-11-30 21:24:14] local.INFO: []  
[2024-11-30 21:24:15] local.INFO: Forum Posts Retrieved: [{"id":3,"title":"ehdcjhjwdf","body":"djfdsfjdf","user_id":1,"viewCount":212,"comments":0,"created_at":"2024-11-25T16:19:11.000000Z","updated_at":"2024-11-30T21:20:38.000000Z","status":"Visible","user":{"id":1,"name":"Carmel Tabada","email":"carmel@gmail.com","email_verified_at":null,"uni_id_num":null,"user_pnum":null,"user_aboutme":null,"user_type":"general_user","user_status":"active","is_premium":false,"user_pic":"storage/profile_pics/Carmel Tabada_1732452873.png","created_at":"2024-11-24T09:32:43.000000Z","updated_at":"2024-11-24T12:54:33.000000Z","user_dob":"9/25/2002","is_affiliated":0,"active_status":0,"avatar":"avatar.png","dark_mode":0,"messenger_color":null,"google_user_id":null,"google_access_token":null,"google_refresh_token":null,"google_token_expiry":null},"tags":[{"id":2,"name":"djfsdf","created_at":"2024-11-25T16:19:11.000000Z","updated_at":"2024-11-25T16:19:11.000000Z","pivot":{"forum_post_id":3,"forum_tag_id":2}},{"id":3,"name":"sdfsdf","created_at":"2024-11-25T16:19:11.000000Z","updated_at":"2024-11-25T16:19:11.000000Z","pivot":{"forum_post_id":3,"forum_tag_id":3}}]}] 
[2024-11-30 21:24:17] local.INFO: Fetching post with ID: 3  
[2024-12-02 04:14:44] local.ERROR: SQLSTATE[HY000] [2002] No connection could be made because the target machine actively refused it (Connection: mysql, SQL: select * from `sessions` where `id` = 2tR2zuNLMcYSDjugXWwSnfVdnjA6GykX0IhQBsvp limit 1) {"exception":"[object] (Illuminate\\Database\\QueryException(code: 2002): SQLSTATE[HY000] [2002] No connection could be made because the target machine actively refused it (Connection: mysql, SQL: select * from `sessions` where `id` = 2tR2zuNLMcYSDjugXWwSnfVdnjA6GykX0IhQBsvp limit 1) at C:\\Users\\maria\\OneDrive\\Documents\\archival-alchemist\\vendor\\laravel\\framework\\src\\Illuminate\\Database\\Connection.php:825)
[stacktrace]
#0 C:\\Users\\maria\\OneDrive\\Documents\\archival-alchemist\\vendor\\laravel\\framework\\src\\Illuminate\\Database\\Connection.php(979): Illuminate\\Database\\Connection->runQueryCallback('select * from `...', Array, Object(Closure))
#1 C:\\Users\\maria\\OneDrive\\Documents\\archival-alchemist\\vendor\\laravel\\framework\\src\\Illuminate\\Database\\Connection.php(958): Illuminate\\Database\\Connection->tryAgainIfCausedByLostConnection(Object(Illuminate\\Database\\QueryException), 'select * from `...', Array, Object(Closure))
#2 C:\\Users\\maria\\OneDrive\\Documents\\archival-alchemist\\vendor\\laravel\\framework\\src\\Illuminate\\Database\\Connection.php(781): Illuminate\\Database\\Connection->handleQueryException(Object(Illuminate\\Database\\QueryException), 'select * from `...', Array, Object(Closure))
#3 C:\\Users\\maria\\OneDrive\\Documents\\archival-alchemist\\vendor\\laravel\\framework\\src\\Illuminate\\Database\\Connection.php(398): Illuminate\\Database\\Connection->run('select * from `...', Array, Object(Closure))
#4 C:\\Users\\maria\\OneDrive\\Documents\\archival-alchemist\\vendor\\laravel\\framework\\src\\Illuminate\\Database\\Query\\Builder.php(3132): Illuminate\\Database\\Connection->select('select * from `...', Array, true)
#5 C:\\Users\\maria\\OneDrive\\Documents\\archival-alchemist\\vendor\\laravel\\framework\\src\\Illuminate\\Database\\Query\\Builder.php(3117): Illuminate\\Database\\Query\\Builder->runSelect()
#6 C:\\Users\\maria\\OneDrive\\Documents\\archival-alchemist\\vendor\\laravel\\framework\\src\\Illuminate\\Database\\Query\\Builder.php(3705): Illuminate\\Database\\Query\\Builder->Illuminate\\Database\\Query\\{closure}()
#7 C:\\Users\\maria\\OneDrive\\Documents\\archival-alchemist\\vendor\\laravel\\framework\\src\\Illuminate\\Database\\Query\\Builder.php(3116): Illuminate\\Database\\Query\\Builder->onceWithColumns(Array, Object(Closure))
#8 C:\\Users\\maria\\OneDrive\\Documents\\archival-alchemist\\vendor\\laravel\\framework\\src\\Illuminate\\Database\\Concerns\\BuildsQueries.php(344): Illuminate\\Database\\Query\\Builder->get(Array)
#9 C:\\Users\\maria\\OneDrive\\Documents\\archival-alchemist\\vendor\\laravel\\framework\\src\\Illuminate\\Database\\Query\\Builder.php(3037): Illuminate\\Database\\Query\\Builder->first(Array)
#10 C:\\Users\\maria\\OneDrive\\Documents\\archival-alchemist\\vendor\\laravel\\framework\\src\\Illuminate\\Session\\DatabaseSessionHandler.php(97): Illuminate\\Database\\Query\\Builder->find('2tR2zuNLMcYSDju...')
#11 C:\\Users\\maria\\OneDrive\\Documents\\archival-alchemist\\vendor\\laravel\\framework\\src\\Illuminate\\Session\\Store.php(113): Illuminate\\Session\\DatabaseSessionHandler->read('2tR2zuNLMcYSDju...')
#12 C:\\Users\\maria\\OneDrive\\Documents\\archival-alchemist\\vendor\\laravel\\framework\\src\\Illuminate\\Session\\Store.php(101): Illuminate\\Session\\Store->readFromHandler()
#13 C:\\Users\\maria\\OneDrive\\Documents\\archival-alchemist\\vendor\\laravel\\framework\\src\\Illuminate\\Session\\Store.php(85): Illuminate\\Session\\Store->loadSession()
#14 C:\\Users\\maria\\OneDrive\\Documents\\archival-alchemist\\vendor\\laravel\\framework\\src\\Illuminate\\Session\\Middleware\\StartSession.php(147): Illuminate\\Session\\Store->start()
#15 C:\\Users\\maria\\OneDrive\\Documents\\archival-alchemist\\vendor\\laravel\\framework\\src\\Illuminate\\Support\\helpers.php(380): Illuminate\\Session\\Middleware\\StartSession->Illuminate\\Session\\Middleware\\{closure}(Object(Illuminate\\Session\\Store))
#16 C:\\Users\\maria\\OneDrive\\Documents\\archival-alchemist\\vendor\\laravel\\framework\\src\\Illuminate\\Session\\Middleware\\StartSession.php(144): tap(Object(Illuminate\\Session\\Store), Object(Closure))
#17 C:\\Users\\maria\\OneDrive\\Documents\\archival-alchemist\\vendor\\laravel\\framework\\src\\Illuminate\\Session\\Middleware\\StartSession.php(116): Illuminate\\Session\\Middleware\\StartSession->startSession(Object(Illuminate\\Http\\Request), Object(Illuminate\\Session\\Store))
#18 C:\\Users\\maria\\OneDrive\\Documents\\archival-alchemist\\vendor\\laravel\\framework\\src\\Illuminate\\Session\\Middleware\\StartSession.php(64): Illuminate\\Session\\Middleware\\StartSession->handleStatefulRequest(Object(Illuminate\\Http\\Request), Object(Illuminate\\Session\\Store), Object(Closure))
#19 C:\\Users\\maria\\OneDrive\\Documents\\archival-alchemist\\vendor\\laravel\\framework\\src\\Illuminate\\Pipeline\\Pipeline.php(183): Illuminate\\Session\\Middleware\\StartSession->handle(Object(Illuminate\\Http\\Request), Object(Closure))
#20 C:\\Users\\maria\\OneDrive\\Documents\\archival-alchemist\\vendor\\laravel\\framework\\src\\Illuminate\\Cookie\\Middleware\\AddQueuedCookiesToResponse.php(37): Illuminate\\Pipeline\\Pipeline->Illuminate\\Pipeline\\{closure}(Object(Illuminate\\Http\\Request))
#21 C:\\Users\\maria\\OneDrive\\Documents\\archival-alchemist\\vendor\\laravel\\framework\\src\\Illuminate\\Pipeline\\Pipeline.php(183): Illuminate\\Cookie\\Middleware\\AddQueuedCookiesToResponse->handle(Object(Illuminate\\Http\\Request), Object(Closure))
#22 C:\\Users\\maria\\OneDrive\\Documents\\archival-alchemist\\vendor\\laravel\\framework\\src\\Illuminate\\Cookie\\Middleware\\EncryptCookies.php(75): Illuminate\\Pipeline\\Pipeline->Illuminate\\Pipeline\\{closure}(Object(Illuminate\\Http\\Request))
#23 C:\\Users\\maria\\OneDrive\\Documents\\archival-alchemist\\vendor\\laravel\\framework\\src\\Illuminate\\Pipeline\\Pipeline.php(183): Illuminate\\Cookie\\Middleware\\EncryptCookies->handle(Object(Illuminate\\Http\\Request), Object(Closure))
#24 C:\\Users\\maria\\OneDrive\\Documents\\archival-alchemist\\vendor\\laravel\\framework\\src\\Illuminate\\Pipeline\\Pipeline.php(119): Illuminate\\Pipeline\\Pipeline->Illuminate\\Pipeline\\{closure}(Object(Illuminate\\Http\\Request))
#25 C:\\Users\\maria\\OneDrive\\Documents\\archival-alchemist\\vendor\\laravel\\framework\\src\\Illuminate\\Routing\\Router.php(807): Illuminate\\Pipeline\\Pipeline->then(Object(Closure))
#26 C:\\Users\\maria\\OneDrive\\Documents\\archival-alchemist\\vendor\\laravel\\framework\\src\\Illuminate\\Routing\\Router.php(786): Illuminate\\Routing\\Router->runRouteWithinStack(Object(Illuminate\\Routing\\Route), Object(Illuminate\\Http\\Request))
#27 C:\\Users\\maria\\OneDrive\\Documents\\archival-alchemist\\vendor\\laravel\\framework\\src\\Illuminate\\Routing\\Router.php(750): Illuminate\\Routing\\Router->runRoute(Object(Illuminate\\Http\\Request), Object(Illuminate\\Routing\\Route))
#28 C:\\Users\\maria\\OneDrive\\Documents\\archival-alchemist\\vendor\\laravel\\framework\\src\\Illuminate\\Routing\\Router.php(739): Illuminate\\Routing\\Router->dispatchToRoute(Object(Illuminate\\Http\\Request))
#29 C:\\Users\\maria\\OneDrive\\Documents\\archival-alchemist\\vendor\\laravel\\framework\\src\\Illuminate\\Foundation\\Http\\Kernel.php(201): Illuminate\\Routing\\Router->dispatch(Object(Illuminate\\Http\\Request))
#30 C:\\Users\\maria\\OneDrive\\Documents\\archival-alchemist\\vendor\\laravel\\framework\\src\\Illuminate\\Pipeline\\Pipeline.php(144): Illuminate\\Foundation\\Http\\Kernel->Illuminate\\Foundation\\Http\\{closure}(Object(Illuminate\\Http\\Request))
#31 C:\\Users\\maria\\OneDrive\\Documents\\archival-alchemist\\vendor\\laravel\\framework\\src\\Illuminate\\Foundation\\Http\\Middleware\\TransformsRequest.php(21): Illuminate\\Pipeline\\Pipeline->Illuminate\\Pipeline\\{closure}(Object(Illuminate\\Http\\Request))
#32 C:\\Users\\maria\\OneDrive\\Documents\\archival-alchemist\\vendor\\laravel\\framework\\src\\Illuminate\\Foundation\\Http\\Middleware\\ConvertEmptyStringsToNull.php(31): Illuminate\\Foundation\\Http\\Middleware\\TransformsRequest->handle(Object(Illuminate\\Http\\Request), Object(Closure))
#33 C:\\Users\\maria\\OneDrive\\Documents\\archival-alchemist\\vendor\\laravel\\framework\\src\\Illuminate\\Pipeline\\Pipeline.php(183): Illuminate\\Foundation\\Http\\Middleware\\ConvertEmptyStringsToNull->handle(Object(Illuminate\\Http\\Request), Object(Closure))
#34 C:\\Users\\maria\\OneDrive\\Documents\\archival-alchemist\\vendor\\laravel\\framework\\src\\Illuminate\\Foundation\\Http\\Middleware\\TransformsRequest.php(21): Illuminate\\Pipeline\\Pipeline->Illuminate\\Pipeline\\{closure}(Object(Illuminate\\Http\\Request))
#35 C:\\Users\\maria\\OneDrive\\Documents\\archival-alchemist\\vendor\\laravel\\framework\\src\\Illuminate\\Foundation\\Http\\Middleware\\TrimStrings.php(51): Illuminate\\Foundation\\Http\\Middleware\\TransformsRequest->handle(Object(Illuminate\\Http\\Request), Object(Closure))
#36 C:\\Users\\maria\\OneDrive\\Documents\\archival-alchemist\\vendor\\laravel\\framework\\src\\Illuminate\\Pipeline\\Pipeline.php(183): Illuminate\\Foundation\\Http\\Middleware\\TrimStrings->handle(Object(Illuminate\\Http\\Request), Object(Closure))
#37 C:\\Users\\maria\\OneDrive\\Documents\\archival-alchemist\\vendor\\laravel\\framework\\src\\Illuminate\\Http\\Middleware\\ValidatePostSize.php(27): Illuminate\\Pipeline\\Pipeline->Illuminate\\Pipeline\\{closure}(Object(Illuminate\\Http\\Request))
#38 C:\\Users\\maria\\OneDrive\\Documents\\archival-alchemist\\vendor\\laravel\\framework\\src\\Illuminate\\Pipeline\\Pipeline.php(183): Illuminate\\Http\\Middleware\\ValidatePostSize->handle(Object(Illuminate\\Http\\Request), Object(Closure))
#39 C:\\Users\\maria\\OneDrive\\Documents\\archival-alchemist\\vendor\\laravel\\framework\\src\\Illuminate\\Foundation\\Http\\Middleware\\PreventRequestsDuringMaintenance.php(110): Illuminate\\Pipeline\\Pipeline->Illuminate\\Pipeline\\{closure}(Object(Illuminate\\Http\\Request))
#40 C:\\Users\\maria\\OneDrive\\Documents\\archival-alchemist\\vendor\\laravel\\framework\\src\\Illuminate\\Pipeline\\Pipeline.php(183): Illuminate\\Foundation\\Http\\Middleware\\PreventRequestsDuringMaintenance->handle(Object(Illuminate\\Http\\Request), Object(Closure))
#41 C:\\Users\\maria\\OneDrive\\Documents\\archival-alchemist\\vendor\\laravel\\framework\\src\\Illuminate\\Http\\Middleware\\HandleCors.php(49): Illuminate\\Pipeline\\Pipeline->Illuminate\\Pipeline\\{closure}(Object(Illuminate\\Http\\Request))
#42 C:\\Users\\maria\\OneDrive\\Documents\\archival-alchemist\\vendor\\laravel\\framework\\src\\Illuminate\\Pipeline\\Pipeline.php(183): Illuminate\\Http\\Middleware\\HandleCors->handle(Object(Illuminate\\Http\\Request), Object(Closure))
#43 C:\\Users\\maria\\OneDrive\\Documents\\archival-alchemist\\vendor\\laravel\\framework\\src\\Illuminate\\Http\\Middleware\\TrustProxies.php(58): Illuminate\\Pipeline\\Pipeline->Illuminate\\Pipeline\\{closure}(Object(Illuminate\\Http\\Request))
#44 C:\\Users\\maria\\OneDrive\\Documents\\archival-alchemist\\vendor\\laravel\\framework\\src\\Illuminate\\Pipeline\\Pipeline.php(183): Illuminate\\Http\\Middleware\\TrustProxies->handle(Object(Illuminate\\Http\\Request), Object(Closure))
#45 C:\\Users\\maria\\OneDrive\\Documents\\archival-alchemist\\vendor\\laravel\\framework\\src\\Illuminate\\Foundation\\Http\\Middleware\\InvokeDeferredCallbacks.php(22): Illuminate\\Pipeline\\Pipeline->Illuminate\\Pipeline\\{closure}(Object(Illuminate\\Http\\Request))
#46 C:\\Users\\maria\\OneDrive\\Documents\\archival-alchemist\\vendor\\laravel\\framework\\src\\Illuminate\\Pipeline\\Pipeline.php(183): Illuminate\\Foundation\\Http\\Middleware\\InvokeDeferredCallbacks->handle(Object(Illuminate\\Http\\Request), Object(Closure))
#47 C:\\Users\\maria\\OneDrive\\Documents\\archival-alchemist\\vendor\\laravel\\framework\\src\\Illuminate\\Pipeline\\Pipeline.php(119): Illuminate\\Pipeline\\Pipeline->Illuminate\\Pipeline\\{closure}(Object(Illuminate\\Http\\Request))
#48 C:\\Users\\maria\\OneDrive\\Documents\\archival-alchemist\\vendor\\laravel\\framework\\src\\Illuminate\\Foundation\\Http\\Kernel.php(176): Illuminate\\Pipeline\\Pipeline->then(Object(Closure))
#49 C:\\Users\\maria\\OneDrive\\Documents\\archival-alchemist\\vendor\\laravel\\framework\\src\\Illuminate\\Foundation\\Http\\Kernel.php(145): Illuminate\\Foundation\\Http\\Kernel->sendRequestThroughRouter(Object(Illuminate\\Http\\Request))
#50 C:\\Users\\maria\\OneDrive\\Documents\\archival-alchemist\\vendor\\laravel\\framework\\src\\Illuminate\\Foundation\\Application.php(1188): Illuminate\\Foundation\\Http\\Kernel->handle(Object(Illuminate\\Http\\Request))
#51 C:\\Users\\maria\\OneDrive\\Documents\\archival-alchemist\\public\\index.php(21): Illuminate\\Foundation\\Application->handleRequest(Object(Illuminate\\Http\\Request))
#52 C:\\Users\\maria\\OneDrive\\Documents\\archival-alchemist\\vendor\\laravel\\framework\\src\\Illuminate\\Foundation\\resources\\server.php(23): require_once('C:\\\\Users\\\\maria\\\\...')
#53 {main}

[previous exception] [object] (PDOException(code: 2002): SQLSTATE[HY000] [2002] No connection could be made because the target machine actively refused it at C:\\Users\\maria\\OneDrive\\Documents\\archival-alchemist\\vendor\\laravel\\framework\\src\\Illuminate\\Database\\Connectors\\Connector.php:66)
[stacktrace]
#0 C:\\Users\\maria\\OneDrive\\Documents\\archival-alchemist\\vendor\\laravel\\framework\\src\\Illuminate\\Database\\Connectors\\Connector.php(66): PDO->__construct('mysql:host=127....', 'root', Object(SensitiveParameterValue), Array)
#1 C:\\Users\\maria\\OneDrive\\Documents\\archival-alchemist\\vendor\\laravel\\framework\\src\\Illuminate\\Database\\Connectors\\Connector.php(85): Illuminate\\Database\\Connectors\\Connector->createPdoConnection('mysql:host=127....', 'root', '', Array)
#2 C:\\Users\\maria\\OneDrive\\Documents\\archival-alchemist\\vendor\\laravel\\framework\\src\\Illuminate\\Database\\Connectors\\Connector.php(48): Illuminate\\Database\\Connectors\\Connector->tryAgainIfCausedByLostConnection(Object(PDOException), 'mysql:host=127....', 'root', '', Array)
#3 C:\\Users\\maria\\OneDrive\\Documents\\archival-alchemist\\vendor\\laravel\\framework\\src\\Illuminate\\Database\\Connectors\\MySqlConnector.php(24): Illuminate\\Database\\Connectors\\Connector->createConnection('mysql:host=127....', Array, Array)
#4 C:\\Users\\maria\\OneDrive\\Documents\\archival-alchemist\\vendor\\laravel\\framework\\src\\Illuminate\\Database\\Connectors\\ConnectionFactory.php(185): Illuminate\\Database\\Connectors\\MySqlConnector->connect(Array)
#5 [internal function]: Illuminate\\Database\\Connectors\\ConnectionFactory->Illuminate\\Database\\Connectors\\{closure}()
#6 C:\\Users\\maria\\OneDrive\\Documents\\archival-alchemist\\vendor\\laravel\\framework\\src\\Illuminate\\Database\\Connection.php(1231): call_user_func(Object(Closure))
#7 C:\\Users\\maria\\OneDrive\\Documents\\archival-alchemist\\vendor\\laravel\\framework\\src\\Illuminate\\Database\\Connection.php(1267): Illuminate\\Database\\Connection->getPdo()
#8 C:\\Users\\maria\\OneDrive\\Documents\\archival-alchemist\\vendor\\laravel\\framework\\src\\Illuminate\\Database\\Connection.php(512): Illuminate\\Database\\Connection->getReadPdo()
#9 C:\\Users\\maria\\OneDrive\\Documents\\archival-alchemist\\vendor\\laravel\\framework\\src\\Illuminate\\Database\\Connection.php(407): Illuminate\\Database\\Connection->getPdoForSelect(true)
#10 C:\\Users\\maria\\OneDrive\\Documents\\archival-alchemist\\vendor\\laravel\\framework\\src\\Illuminate\\Database\\Connection.php(812): Illuminate\\Database\\Connection->Illuminate\\Database\\{closure}('select * from `...', Array)
#11 C:\\Users\\maria\\OneDrive\\Documents\\archival-alchemist\\vendor\\laravel\\framework\\src\\Illuminate\\Database\\Connection.php(979): Illuminate\\Database\\Connection->runQueryCallback('select * from `...', Array, Object(Closure))
#12 C:\\Users\\maria\\OneDrive\\Documents\\archival-alchemist\\vendor\\laravel\\framework\\src\\Illuminate\\Database\\Connection.php(958): Illuminate\\Database\\Connection->tryAgainIfCausedByLostConnection(Object(Illuminate\\Database\\QueryException), 'select * from `...', Array, Object(Closure))
#13 C:\\Users\\maria\\OneDrive\\Documents\\archival-alchemist\\vendor\\laravel\\framework\\src\\Illuminate\\Database\\Connection.php(781): Illuminate\\Database\\Connection->handleQueryException(Object(Illuminate\\Database\\QueryException), 'select * from `...', Array, Object(Closure))
#14 C:\\Users\\maria\\OneDrive\\Documents\\archival-alchemist\\vendor\\laravel\\framework\\src\\Illuminate\\Database\\Connection.php(398): Illuminate\\Database\\Connection->run('select * from `...', Array, Object(Closure))
#15 C:\\Users\\maria\\OneDrive\\Documents\\archival-alchemist\\vendor\\laravel\\framework\\src\\Illuminate\\Database\\Query\\Builder.php(3132): Illuminate\\Database\\Connection->select('select * from `...', Array, true)
#16 C:\\Users\\maria\\OneDrive\\Documents\\archival-alchemist\\vendor\\laravel\\framework\\src\\Illuminate\\Database\\Query\\Builder.php(3117): Illuminate\\Database\\Query\\Builder->runSelect()
#17 C:\\Users\\maria\\OneDrive\\Documents\\archival-alchemist\\vendor\\laravel\\framework\\src\\Illuminate\\Database\\Query\\Builder.php(3705): Illuminate\\Database\\Query\\Builder->Illuminate\\Database\\Query\\{closure}()
#18 C:\\Users\\maria\\OneDrive\\Documents\\archival-alchemist\\vendor\\laravel\\framework\\src\\Illuminate\\Database\\Query\\Builder.php(3116): Illuminate\\Database\\Query\\Builder->onceWithColumns(Array, Object(Closure))
#19 C:\\Users\\maria\\OneDrive\\Documents\\archival-alchemist\\vendor\\laravel\\framework\\src\\Illuminate\\Database\\Concerns\\BuildsQueries.php(344): Illuminate\\Database\\Query\\Builder->get(Array)
#20 C:\\Users\\maria\\OneDrive\\Documents\\archival-alchemist\\vendor\\laravel\\framework\\src\\Illuminate\\Database\\Query\\Builder.php(3037): Illuminate\\Database\\Query\\Builder->first(Array)
#21 C:\\Users\\maria\\OneDrive\\Documents\\archival-alchemist\\vendor\\laravel\\framework\\src\\Illuminate\\Session\\DatabaseSessionHandler.php(97): Illuminate\\Database\\Query\\Builder->find('2tR2zuNLMcYSDju...')
#22 C:\\Users\\maria\\OneDrive\\Documents\\archival-alchemist\\vendor\\laravel\\framework\\src\\Illuminate\\Session\\Store.php(113): Illuminate\\Session\\DatabaseSessionHandler->read('2tR2zuNLMcYSDju...')
#23 C:\\Users\\maria\\OneDrive\\Documents\\archival-alchemist\\vendor\\laravel\\framework\\src\\Illuminate\\Session\\Store.php(101): Illuminate\\Session\\Store->readFromHandler()
#24 C:\\Users\\maria\\OneDrive\\Documents\\archival-alchemist\\vendor\\laravel\\framework\\src\\Illuminate\\Session\\Store.php(85): Illuminate\\Session\\Store->loadSession()
#25 C:\\Users\\maria\\OneDrive\\Documents\\archival-alchemist\\vendor\\laravel\\framework\\src\\Illuminate\\Session\\Middleware\\StartSession.php(147): Illuminate\\Session\\Store->start()
#26 C:\\Users\\maria\\OneDrive\\Documents\\archival-alchemist\\vendor\\laravel\\framework\\src\\Illuminate\\Support\\helpers.php(380): Illuminate\\Session\\Middleware\\StartSession->Illuminate\\Session\\Middleware\\{closure}(Object(Illuminate\\Session\\Store))
#27 C:\\Users\\maria\\OneDrive\\Documents\\archival-alchemist\\vendor\\laravel\\framework\\src\\Illuminate\\Session\\Middleware\\StartSession.php(144): tap(Object(Illuminate\\Session\\Store), Object(Closure))
#28 C:\\Users\\maria\\OneDrive\\Documents\\archival-alchemist\\vendor\\laravel\\framework\\src\\Illuminate\\Session\\Middleware\\StartSession.php(116): Illuminate\\Session\\Middleware\\StartSession->startSession(Object(Illuminate\\Http\\Request), Object(Illuminate\\Session\\Store))
#29 C:\\Users\\maria\\OneDrive\\Documents\\archival-alchemist\\vendor\\laravel\\framework\\src\\Illuminate\\Session\\Middleware\\StartSession.php(64): Illuminate\\Session\\Middleware\\StartSession->handleStatefulRequest(Object(Illuminate\\Http\\Request), Object(Illuminate\\Session\\Store), Object(Closure))
#30 C:\\Users\\maria\\OneDrive\\Documents\\archival-alchemist\\vendor\\laravel\\framework\\src\\Illuminate\\Pipeline\\Pipeline.php(183): Illuminate\\Session\\Middleware\\StartSession->handle(Object(Illuminate\\Http\\Request), Object(Closure))
#31 C:\\Users\\maria\\OneDrive\\Documents\\archival-alchemist\\vendor\\laravel\\framework\\src\\Illuminate\\Cookie\\Middleware\\AddQueuedCookiesToResponse.php(37): Illuminate\\Pipeline\\Pipeline->Illuminate\\Pipeline\\{closure}(Object(Illuminate\\Http\\Request))
#32 C:\\Users\\maria\\OneDrive\\Documents\\archival-alchemist\\vendor\\laravel\\framework\\src\\Illuminate\\Pipeline\\Pipeline.php(183): Illuminate\\Cookie\\Middleware\\AddQueuedCookiesToResponse->handle(Object(Illuminate\\Http\\Request), Object(Closure))
#33 C:\\Users\\maria\\OneDrive\\Documents\\archival-alchemist\\vendor\\laravel\\framework\\src\\Illuminate\\Cookie\\Middleware\\EncryptCookies.php(75): Illuminate\\Pipeline\\Pipeline->Illuminate\\Pipeline\\{closure}(Object(Illuminate\\Http\\Request))
#34 C:\\Users\\maria\\OneDrive\\Documents\\archival-alchemist\\vendor\\laravel\\framework\\src\\Illuminate\\Pipeline\\Pipeline.php(183): Illuminate\\Cookie\\Middleware\\EncryptCookies->handle(Object(Illuminate\\Http\\Request), Object(Closure))
#35 C:\\Users\\maria\\OneDrive\\Documents\\archival-alchemist\\vendor\\laravel\\framework\\src\\Illuminate\\Pipeline\\Pipeline.php(119): Illuminate\\Pipeline\\Pipeline->Illuminate\\Pipeline\\{closure}(Object(Illuminate\\Http\\Request))
#36 C:\\Users\\maria\\OneDrive\\Documents\\archival-alchemist\\vendor\\laravel\\framework\\src\\Illuminate\\Routing\\Router.php(807): Illuminate\\Pipeline\\Pipeline->then(Object(Closure))
#37 C:\\Users\\maria\\OneDrive\\Documents\\archival-alchemist\\vendor\\laravel\\framework\\src\\Illuminate\\Routing\\Router.php(786): Illuminate\\Routing\\Router->runRouteWithinStack(Object(Illuminate\\Routing\\Route), Object(Illuminate\\Http\\Request))
#38 C:\\Users\\maria\\OneDrive\\Documents\\archival-alchemist\\vendor\\laravel\\framework\\src\\Illuminate\\Routing\\Router.php(750): Illuminate\\Routing\\Router->runRoute(Object(Illuminate\\Http\\Request), Object(Illuminate\\Routing\\Route))
#39 C:\\Users\\maria\\OneDrive\\Documents\\archival-alchemist\\vendor\\laravel\\framework\\src\\Illuminate\\Routing\\Router.php(739): Illuminate\\Routing\\Router->dispatchToRoute(Object(Illuminate\\Http\\Request))
#40 C:\\Users\\maria\\OneDrive\\Documents\\archival-alchemist\\vendor\\laravel\\framework\\src\\Illuminate\\Foundation\\Http\\Kernel.php(201): Illuminate\\Routing\\Router->dispatch(Object(Illuminate\\Http\\Request))
#41 C:\\Users\\maria\\OneDrive\\Documents\\archival-alchemist\\vendor\\laravel\\framework\\src\\Illuminate\\Pipeline\\Pipeline.php(144): Illuminate\\Foundation\\Http\\Kernel->Illuminate\\Foundation\\Http\\{closure}(Object(Illuminate\\Http\\Request))
#42 C:\\Users\\maria\\OneDrive\\Documents\\archival-alchemist\\vendor\\laravel\\framework\\src\\Illuminate\\Foundation\\Http\\Middleware\\TransformsRequest.php(21): Illuminate\\Pipeline\\Pipeline->Illuminate\\Pipeline\\{closure}(Object(Illuminate\\Http\\Request))
#43 C:\\Users\\maria\\OneDrive\\Documents\\archival-alchemist\\vendor\\laravel\\framework\\src\\Illuminate\\Foundation\\Http\\Middleware\\ConvertEmptyStringsToNull.php(31): Illuminate\\Foundation\\Http\\Middleware\\TransformsRequest->handle(Object(Illuminate\\Http\\Request), Object(Closure))
#44 C:\\Users\\maria\\OneDrive\\Documents\\archival-alchemist\\vendor\\laravel\\framework\\src\\Illuminate\\Pipeline\\Pipeline.php(183): Illuminate\\Foundation\\Http\\Middleware\\ConvertEmptyStringsToNull->handle(Object(Illuminate\\Http\\Request), Object(Closure))
#45 C:\\Users\\maria\\OneDrive\\Documents\\archival-alchemist\\vendor\\laravel\\framework\\src\\Illuminate\\Foundation\\Http\\Middleware\\TransformsRequest.php(21): Illuminate\\Pipeline\\Pipeline->Illuminate\\Pipeline\\{closure}(Object(Illuminate\\Http\\Request))
#46 C:\\Users\\maria\\OneDrive\\Documents\\archival-alchemist\\vendor\\laravel\\framework\\src\\Illuminate\\Foundation\\Http\\Middleware\\TrimStrings.php(51): Illuminate\\Foundation\\Http\\Middleware\\TransformsRequest->handle(Object(Illuminate\\Http\\Request), Object(Closure))
#47 C:\\Users\\maria\\OneDrive\\Documents\\archival-alchemist\\vendor\\laravel\\framework\\src\\Illuminate\\Pipeline\\Pipeline.php(183): Illuminate\\Foundation\\Http\\Middleware\\TrimStrings->handle(Object(Illuminate\\Http\\Request), Object(Closure))
#48 C:\\Users\\maria\\OneDrive\\Documents\\archival-alchemist\\vendor\\laravel\\framework\\src\\Illuminate\\Http\\Middleware\\ValidatePostSize.php(27): Illuminate\\Pipeline\\Pipeline->Illuminate\\Pipeline\\{closure}(Object(Illuminate\\Http\\Request))
#49 C:\\Users\\maria\\OneDrive\\Documents\\archival-alchemist\\vendor\\laravel\\framework\\src\\Illuminate\\Pipeline\\Pipeline.php(183): Illuminate\\Http\\Middleware\\ValidatePostSize->handle(Object(Illuminate\\Http\\Request), Object(Closure))
#50 C:\\Users\\maria\\OneDrive\\Documents\\archival-alchemist\\vendor\\laravel\\framework\\src\\Illuminate\\Foundation\\Http\\Middleware\\PreventRequestsDuringMaintenance.php(110): Illuminate\\Pipeline\\Pipeline->Illuminate\\Pipeline\\{closure}(Object(Illuminate\\Http\\Request))
#51 C:\\Users\\maria\\OneDrive\\Documents\\archival-alchemist\\vendor\\laravel\\framework\\src\\Illuminate\\Pipeline\\Pipeline.php(183): Illuminate\\Foundation\\Http\\Middleware\\PreventRequestsDuringMaintenance->handle(Object(Illuminate\\Http\\Request), Object(Closure))
#52 C:\\Users\\maria\\OneDrive\\Documents\\archival-alchemist\\vendor\\laravel\\framework\\src\\Illuminate\\Http\\Middleware\\HandleCors.php(49): Illuminate\\Pipeline\\Pipeline->Illuminate\\Pipeline\\{closure}(Object(Illuminate\\Http\\Request))
#53 C:\\Users\\maria\\OneDrive\\Documents\\archival-alchemist\\vendor\\laravel\\framework\\src\\Illuminate\\Pipeline\\Pipeline.php(183): Illuminate\\Http\\Middleware\\HandleCors->handle(Object(Illuminate\\Http\\Request), Object(Closure))
#54 C:\\Users\\maria\\OneDrive\\Documents\\archival-alchemist\\vendor\\laravel\\framework\\src\\Illuminate\\Http\\Middleware\\TrustProxies.php(58): Illuminate\\Pipeline\\Pipeline->Illuminate\\Pipeline\\{closure}(Object(Illuminate\\Http\\Request))
#55 C:\\Users\\maria\\OneDrive\\Documents\\archival-alchemist\\vendor\\laravel\\framework\\src\\Illuminate\\Pipeline\\Pipeline.php(183): Illuminate\\Http\\Middleware\\TrustProxies->handle(Object(Illuminate\\Http\\Request), Object(Closure))
#56 C:\\Users\\maria\\OneDrive\\Documents\\archival-alchemist\\vendor\\laravel\\framework\\src\\Illuminate\\Foundation\\Http\\Middleware\\InvokeDeferredCallbacks.php(22): Illuminate\\Pipeline\\Pipeline->Illuminate\\Pipeline\\{closure}(Object(Illuminate\\Http\\Request))
#57 C:\\Users\\maria\\OneDrive\\Documents\\archival-alchemist\\vendor\\laravel\\framework\\src\\Illuminate\\Pipeline\\Pipeline.php(183): Illuminate\\Foundation\\Http\\Middleware\\InvokeDeferredCallbacks->handle(Object(Illuminate\\Http\\Request), Object(Closure))
#58 C:\\Users\\maria\\OneDrive\\Documents\\archival-alchemist\\vendor\\laravel\\framework\\src\\Illuminate\\Pipeline\\Pipeline.php(119): Illuminate\\Pipeline\\Pipeline->Illuminate\\Pipeline\\{closure}(Object(Illuminate\\Http\\Request))
#59 C:\\Users\\maria\\OneDrive\\Documents\\archival-alchemist\\vendor\\laravel\\framework\\src\\Illuminate\\Foundation\\Http\\Kernel.php(176): Illuminate\\Pipeline\\Pipeline->then(Object(Closure))
#60 C:\\Users\\maria\\OneDrive\\Documents\\archival-alchemist\\vendor\\laravel\\framework\\src\\Illuminate\\Foundation\\Http\\Kernel.php(145): Illuminate\\Foundation\\Http\\Kernel->sendRequestThroughRouter(Object(Illuminate\\Http\\Request))
#61 C:\\Users\\maria\\OneDrive\\Documents\\archival-alchemist\\vendor\\laravel\\framework\\src\\Illuminate\\Foundation\\Application.php(1188): Illuminate\\Foundation\\Http\\Kernel->handle(Object(Illuminate\\Http\\Request))
#62 C:\\Users\\maria\\OneDrive\\Documents\\archival-alchemist\\public\\index.php(21): Illuminate\\Foundation\\Application->handleRequest(Object(Illuminate\\Http\\Request))
#63 C:\\Users\\maria\\OneDrive\\Documents\\archival-alchemist\\vendor\\laravel\\framework\\src\\Illuminate\\Foundation\\resources\\server.php(23): require_once('C:\\\\Users\\\\maria\\\\...')
#64 {main}
"} 
[2024-12-02 04:14:59] local.ERROR: SQLSTATE[HY000] [2002] No connection could be made because the target machine actively refused it (Connection: mysql, SQL: select * from `sessions` where `id` = lwkMmVOXo1LxvJ5jOZCW7hTXoj128K2bBcSjeaEC limit 1) {"exception":"[object] (Illuminate\\Database\\QueryException(code: 2002): SQLSTATE[HY000] [2002] No connection could be made because the target machine actively refused it (Connection: mysql, SQL: select * from `sessions` where `id` = lwkMmVOXo1LxvJ5jOZCW7hTXoj128K2bBcSjeaEC limit 1) at C:\\Users\\maria\\OneDrive\\Documents\\archival-alchemist\\vendor\\laravel\\framework\\src\\Illuminate\\Database\\Connection.php:825)
[stacktrace]
#0 C:\\Users\\maria\\OneDrive\\Documents\\archival-alchemist\\vendor\\laravel\\framework\\src\\Illuminate\\Database\\Connection.php(979): Illuminate\\Database\\Connection->runQueryCallback('select * from `...', Array, Object(Closure))
#1 C:\\Users\\maria\\OneDrive\\Documents\\archival-alchemist\\vendor\\laravel\\framework\\src\\Illuminate\\Database\\Connection.php(958): Illuminate\\Database\\Connection->tryAgainIfCausedByLostConnection(Object(Illuminate\\Database\\QueryException), 'select * from `...', Array, Object(Closure))
#2 C:\\Users\\maria\\OneDrive\\Documents\\archival-alchemist\\vendor\\laravel\\framework\\src\\Illuminate\\Database\\Connection.php(781): Illuminate\\Database\\Connection->handleQueryException(Object(Illuminate\\Database\\QueryException), 'select * from `...', Array, Object(Closure))
#3 C:\\Users\\maria\\OneDrive\\Documents\\archival-alchemist\\vendor\\laravel\\framework\\src\\Illuminate\\Database\\Connection.php(398): Illuminate\\Database\\Connection->run('select * from `...', Array, Object(Closure))
#4 C:\\Users\\maria\\OneDrive\\Documents\\archival-alchemist\\vendor\\laravel\\framework\\src\\Illuminate\\Database\\Query\\Builder.php(3132): Illuminate\\Database\\Connection->select('select * from `...', Array, true)
#5 C:\\Users\\maria\\OneDrive\\Documents\\archival-alchemist\\vendor\\laravel\\framework\\src\\Illuminate\\Database\\Query\\Builder.php(3117): Illuminate\\Database\\Query\\Builder->runSelect()
#6 C:\\Users\\maria\\OneDrive\\Documents\\archival-alchemist\\vendor\\laravel\\framework\\src\\Illuminate\\Database\\Query\\Builder.php(3705): Illuminate\\Database\\Query\\Builder->Illuminate\\Database\\Query\\{closure}()
#7 C:\\Users\\maria\\OneDrive\\Documents\\archival-alchemist\\vendor\\laravel\\framework\\src\\Illuminate\\Database\\Query\\Builder.php(3116): Illuminate\\Database\\Query\\Builder->onceWithColumns(Array, Object(Closure))
#8 C:\\Users\\maria\\OneDrive\\Documents\\archival-alchemist\\vendor\\laravel\\framework\\src\\Illuminate\\Database\\Concerns\\BuildsQueries.php(344): Illuminate\\Database\\Query\\Builder->get(Array)
#9 C:\\Users\\maria\\OneDrive\\Documents\\archival-alchemist\\vendor\\laravel\\framework\\src\\Illuminate\\Database\\Query\\Builder.php(3037): Illuminate\\Database\\Query\\Builder->first(Array)
#10 C:\\Users\\maria\\OneDrive\\Documents\\archival-alchemist\\vendor\\laravel\\framework\\src\\Illuminate\\Session\\DatabaseSessionHandler.php(97): Illuminate\\Database\\Query\\Builder->find('lwkMmVOXo1LxvJ5...')
#11 C:\\Users\\maria\\OneDrive\\Documents\\archival-alchemist\\vendor\\laravel\\framework\\src\\Illuminate\\Session\\Store.php(113): Illuminate\\Session\\DatabaseSessionHandler->read('lwkMmVOXo1LxvJ5...')
#12 C:\\Users\\maria\\OneDrive\\Documents\\archival-alchemist\\vendor\\laravel\\framework\\src\\Illuminate\\Session\\Store.php(101): Illuminate\\Session\\Store->readFromHandler()
#13 C:\\Users\\maria\\OneDrive\\Documents\\archival-alchemist\\vendor\\laravel\\framework\\src\\Illuminate\\Session\\Store.php(85): Illuminate\\Session\\Store->loadSession()
#14 C:\\Users\\maria\\OneDrive\\Documents\\archival-alchemist\\vendor\\laravel\\framework\\src\\Illuminate\\Session\\Middleware\\StartSession.php(147): Illuminate\\Session\\Store->start()
#15 C:\\Users\\maria\\OneDrive\\Documents\\archival-alchemist\\vendor\\laravel\\framework\\src\\Illuminate\\Support\\helpers.php(380): Illuminate\\Session\\Middleware\\StartSession->Illuminate\\Session\\Middleware\\{closure}(Object(Illuminate\\Session\\Store))
#16 C:\\Users\\maria\\OneDrive\\Documents\\archival-alchemist\\vendor\\laravel\\framework\\src\\Illuminate\\Session\\Middleware\\StartSession.php(144): tap(Object(Illuminate\\Session\\Store), Object(Closure))
#17 C:\\Users\\maria\\OneDrive\\Documents\\archival-alchemist\\vendor\\laravel\\framework\\src\\Illuminate\\Session\\Middleware\\StartSession.php(116): Illuminate\\Session\\Middleware\\StartSession->startSession(Object(Illuminate\\Http\\Request), Object(Illuminate\\Session\\Store))
#18 C:\\Users\\maria\\OneDrive\\Documents\\archival-alchemist\\vendor\\laravel\\framework\\src\\Illuminate\\Session\\Middleware\\StartSession.php(64): Illuminate\\Session\\Middleware\\StartSession->handleStatefulRequest(Object(Illuminate\\Http\\Request), Object(Illuminate\\Session\\Store), Object(Closure))
#19 C:\\Users\\maria\\OneDrive\\Documents\\archival-alchemist\\vendor\\laravel\\framework\\src\\Illuminate\\Pipeline\\Pipeline.php(183): Illuminate\\Session\\Middleware\\StartSession->handle(Object(Illuminate\\Http\\Request), Object(Closure))
#20 C:\\Users\\maria\\OneDrive\\Documents\\archival-alchemist\\vendor\\laravel\\framework\\src\\Illuminate\\Cookie\\Middleware\\AddQueuedCookiesToResponse.php(37): Illuminate\\Pipeline\\Pipeline->Illuminate\\Pipeline\\{closure}(Object(Illuminate\\Http\\Request))
#21 C:\\Users\\maria\\OneDrive\\Documents\\archival-alchemist\\vendor\\laravel\\framework\\src\\Illuminate\\Pipeline\\Pipeline.php(183): Illuminate\\Cookie\\Middleware\\AddQueuedCookiesToResponse->handle(Object(Illuminate\\Http\\Request), Object(Closure))
#22 C:\\Users\\maria\\OneDrive\\Documents\\archival-alchemist\\vendor\\laravel\\framework\\src\\Illuminate\\Cookie\\Middleware\\EncryptCookies.php(75): Illuminate\\Pipeline\\Pipeline->Illuminate\\Pipeline\\{closure}(Object(Illuminate\\Http\\Request))
#23 C:\\Users\\maria\\OneDrive\\Documents\\archival-alchemist\\vendor\\laravel\\framework\\src\\Illuminate\\Pipeline\\Pipeline.php(183): Illuminate\\Cookie\\Middleware\\EncryptCookies->handle(Object(Illuminate\\Http\\Request), Object(Closure))
#24 C:\\Users\\maria\\OneDrive\\Documents\\archival-alchemist\\vendor\\laravel\\framework\\src\\Illuminate\\Pipeline\\Pipeline.php(119): Illuminate\\Pipeline\\Pipeline->Illuminate\\Pipeline\\{closure}(Object(Illuminate\\Http\\Request))
#25 C:\\Users\\maria\\OneDrive\\Documents\\archival-alchemist\\vendor\\laravel\\framework\\src\\Illuminate\\Routing\\Router.php(807): Illuminate\\Pipeline\\Pipeline->then(Object(Closure))
#26 C:\\Users\\maria\\OneDrive\\Documents\\archival-alchemist\\vendor\\laravel\\framework\\src\\Illuminate\\Routing\\Router.php(786): Illuminate\\Routing\\Router->runRouteWithinStack(Object(Illuminate\\Routing\\Route), Object(Illuminate\\Http\\Request))
#27 C:\\Users\\maria\\OneDrive\\Documents\\archival-alchemist\\vendor\\laravel\\framework\\src\\Illuminate\\Routing\\Router.php(750): Illuminate\\Routing\\Router->runRoute(Object(Illuminate\\Http\\Request), Object(Illuminate\\Routing\\Route))
#28 C:\\Users\\maria\\OneDrive\\Documents\\archival-alchemist\\vendor\\laravel\\framework\\src\\Illuminate\\Routing\\Router.php(739): Illuminate\\Routing\\Router->dispatchToRoute(Object(Illuminate\\Http\\Request))
#29 C:\\Users\\maria\\OneDrive\\Documents\\archival-alchemist\\vendor\\laravel\\framework\\src\\Illuminate\\Foundation\\Http\\Kernel.php(201): Illuminate\\Routing\\Router->dispatch(Object(Illuminate\\Http\\Request))
#30 C:\\Users\\maria\\OneDrive\\Documents\\archival-alchemist\\vendor\\laravel\\framework\\src\\Illuminate\\Pipeline\\Pipeline.php(144): Illuminate\\Foundation\\Http\\Kernel->Illuminate\\Foundation\\Http\\{closure}(Object(Illuminate\\Http\\Request))
#31 C:\\Users\\maria\\OneDrive\\Documents\\archival-alchemist\\vendor\\laravel\\framework\\src\\Illuminate\\Foundation\\Http\\Middleware\\TransformsRequest.php(21): Illuminate\\Pipeline\\Pipeline->Illuminate\\Pipeline\\{closure}(Object(Illuminate\\Http\\Request))
#32 C:\\Users\\maria\\OneDrive\\Documents\\archival-alchemist\\vendor\\laravel\\framework\\src\\Illuminate\\Foundation\\Http\\Middleware\\ConvertEmptyStringsToNull.php(31): Illuminate\\Foundation\\Http\\Middleware\\TransformsRequest->handle(Object(Illuminate\\Http\\Request), Object(Closure))
#33 C:\\Users\\maria\\OneDrive\\Documents\\archival-alchemist\\vendor\\laravel\\framework\\src\\Illuminate\\Pipeline\\Pipeline.php(183): Illuminate\\Foundation\\Http\\Middleware\\ConvertEmptyStringsToNull->handle(Object(Illuminate\\Http\\Request), Object(Closure))
#34 C:\\Users\\maria\\OneDrive\\Documents\\archival-alchemist\\vendor\\laravel\\framework\\src\\Illuminate\\Foundation\\Http\\Middleware\\TransformsRequest.php(21): Illuminate\\Pipeline\\Pipeline->Illuminate\\Pipeline\\{closure}(Object(Illuminate\\Http\\Request))
#35 C:\\Users\\maria\\OneDrive\\Documents\\archival-alchemist\\vendor\\laravel\\framework\\src\\Illuminate\\Foundation\\Http\\Middleware\\TrimStrings.php(51): Illuminate\\Foundation\\Http\\Middleware\\TransformsRequest->handle(Object(Illuminate\\Http\\Request), Object(Closure))
#36 C:\\Users\\maria\\OneDrive\\Documents\\archival-alchemist\\vendor\\laravel\\framework\\src\\Illuminate\\Pipeline\\Pipeline.php(183): Illuminate\\Foundation\\Http\\Middleware\\TrimStrings->handle(Object(Illuminate\\Http\\Request), Object(Closure))
#37 C:\\Users\\maria\\OneDrive\\Documents\\archival-alchemist\\vendor\\laravel\\framework\\src\\Illuminate\\Http\\Middleware\\ValidatePostSize.php(27): Illuminate\\Pipeline\\Pipeline->Illuminate\\Pipeline\\{closure}(Object(Illuminate\\Http\\Request))
#38 C:\\Users\\maria\\OneDrive\\Documents\\archival-alchemist\\vendor\\laravel\\framework\\src\\Illuminate\\Pipeline\\Pipeline.php(183): Illuminate\\Http\\Middleware\\ValidatePostSize->handle(Object(Illuminate\\Http\\Request), Object(Closure))
#39 C:\\Users\\maria\\OneDrive\\Documents\\archival-alchemist\\vendor\\laravel\\framework\\src\\Illuminate\\Foundation\\Http\\Middleware\\PreventRequestsDuringMaintenance.php(110): Illuminate\\Pipeline\\Pipeline->Illuminate\\Pipeline\\{closure}(Object(Illuminate\\Http\\Request))
#40 C:\\Users\\maria\\OneDrive\\Documents\\archival-alchemist\\vendor\\laravel\\framework\\src\\Illuminate\\Pipeline\\Pipeline.php(183): Illuminate\\Foundation\\Http\\Middleware\\PreventRequestsDuringMaintenance->handle(Object(Illuminate\\Http\\Request), Object(Closure))
#41 C:\\Users\\maria\\OneDrive\\Documents\\archival-alchemist\\vendor\\laravel\\framework\\src\\Illuminate\\Http\\Middleware\\HandleCors.php(49): Illuminate\\Pipeline\\Pipeline->Illuminate\\Pipeline\\{closure}(Object(Illuminate\\Http\\Request))
#42 C:\\Users\\maria\\OneDrive\\Documents\\archival-alchemist\\vendor\\laravel\\framework\\src\\Illuminate\\Pipeline\\Pipeline.php(183): Illuminate\\Http\\Middleware\\HandleCors->handle(Object(Illuminate\\Http\\Request), Object(Closure))
#43 C:\\Users\\maria\\OneDrive\\Documents\\archival-alchemist\\vendor\\laravel\\framework\\src\\Illuminate\\Http\\Middleware\\TrustProxies.php(58): Illuminate\\Pipeline\\Pipeline->Illuminate\\Pipeline\\{closure}(Object(Illuminate\\Http\\Request))
#44 C:\\Users\\maria\\OneDrive\\Documents\\archival-alchemist\\vendor\\laravel\\framework\\src\\Illuminate\\Pipeline\\Pipeline.php(183): Illuminate\\Http\\Middleware\\TrustProxies->handle(Object(Illuminate\\Http\\Request), Object(Closure))
#45 C:\\Users\\maria\\OneDrive\\Documents\\archival-alchemist\\vendor\\laravel\\framework\\src\\Illuminate\\Foundation\\Http\\Middleware\\InvokeDeferredCallbacks.php(22): Illuminate\\Pipeline\\Pipeline->Illuminate\\Pipeline\\{closure}(Object(Illuminate\\Http\\Request))
#46 C:\\Users\\maria\\OneDrive\\Documents\\archival-alchemist\\vendor\\laravel\\framework\\src\\Illuminate\\Pipeline\\Pipeline.php(183): Illuminate\\Foundation\\Http\\Middleware\\InvokeDeferredCallbacks->handle(Object(Illuminate\\Http\\Request), Object(Closure))
#47 C:\\Users\\maria\\OneDrive\\Documents\\archival-alchemist\\vendor\\laravel\\framework\\src\\Illuminate\\Pipeline\\Pipeline.php(119): Illuminate\\Pipeline\\Pipeline->Illuminate\\Pipeline\\{closure}(Object(Illuminate\\Http\\Request))
#48 C:\\Users\\maria\\OneDrive\\Documents\\archival-alchemist\\vendor\\laravel\\framework\\src\\Illuminate\\Foundation\\Http\\Kernel.php(176): Illuminate\\Pipeline\\Pipeline->then(Object(Closure))
#49 C:\\Users\\maria\\OneDrive\\Documents\\archival-alchemist\\vendor\\laravel\\framework\\src\\Illuminate\\Foundation\\Http\\Kernel.php(145): Illuminate\\Foundation\\Http\\Kernel->sendRequestThroughRouter(Object(Illuminate\\Http\\Request))
#50 C:\\Users\\maria\\OneDrive\\Documents\\archival-alchemist\\vendor\\laravel\\framework\\src\\Illuminate\\Foundation\\Application.php(1188): Illuminate\\Foundation\\Http\\Kernel->handle(Object(Illuminate\\Http\\Request))
#51 C:\\Users\\maria\\OneDrive\\Documents\\archival-alchemist\\public\\index.php(21): Illuminate\\Foundation\\Application->handleRequest(Object(Illuminate\\Http\\Request))
#52 C:\\Users\\maria\\OneDrive\\Documents\\archival-alchemist\\vendor\\laravel\\framework\\src\\Illuminate\\Foundation\\resources\\server.php(23): require_once('C:\\\\Users\\\\maria\\\\...')
#53 {main}

[previous exception] [object] (PDOException(code: 2002): SQLSTATE[HY000] [2002] No connection could be made because the target machine actively refused it at C:\\Users\\maria\\OneDrive\\Documents\\archival-alchemist\\vendor\\laravel\\framework\\src\\Illuminate\\Database\\Connectors\\Connector.php:66)
[stacktrace]
#0 C:\\Users\\maria\\OneDrive\\Documents\\archival-alchemist\\vendor\\laravel\\framework\\src\\Illuminate\\Database\\Connectors\\Connector.php(66): PDO->__construct('mysql:host=127....', 'root', Object(SensitiveParameterValue), Array)
#1 C:\\Users\\maria\\OneDrive\\Documents\\archival-alchemist\\vendor\\laravel\\framework\\src\\Illuminate\\Database\\Connectors\\Connector.php(85): Illuminate\\Database\\Connectors\\Connector->createPdoConnection('mysql:host=127....', 'root', '', Array)
#2 C:\\Users\\maria\\OneDrive\\Documents\\archival-alchemist\\vendor\\laravel\\framework\\src\\Illuminate\\Database\\Connectors\\Connector.php(48): Illuminate\\Database\\Connectors\\Connector->tryAgainIfCausedByLostConnection(Object(PDOException), 'mysql:host=127....', 'root', '', Array)
#3 C:\\Users\\maria\\OneDrive\\Documents\\archival-alchemist\\vendor\\laravel\\framework\\src\\Illuminate\\Database\\Connectors\\MySqlConnector.php(24): Illuminate\\Database\\Connectors\\Connector->createConnection('mysql:host=127....', Array, Array)
#4 C:\\Users\\maria\\OneDrive\\Documents\\archival-alchemist\\vendor\\laravel\\framework\\src\\Illuminate\\Database\\Connectors\\ConnectionFactory.php(185): Illuminate\\Database\\Connectors\\MySqlConnector->connect(Array)
#5 [internal function]: Illuminate\\Database\\Connectors\\ConnectionFactory->Illuminate\\Database\\Connectors\\{closure}()
#6 C:\\Users\\maria\\OneDrive\\Documents\\archival-alchemist\\vendor\\laravel\\framework\\src\\Illuminate\\Database\\Connection.php(1231): call_user_func(Object(Closure))
#7 C:\\Users\\maria\\OneDrive\\Documents\\archival-alchemist\\vendor\\laravel\\framework\\src\\Illuminate\\Database\\Connection.php(1267): Illuminate\\Database\\Connection->getPdo()
#8 C:\\Users\\maria\\OneDrive\\Documents\\archival-alchemist\\vendor\\laravel\\framework\\src\\Illuminate\\Database\\Connection.php(512): Illuminate\\Database\\Connection->getReadPdo()
#9 C:\\Users\\maria\\OneDrive\\Documents\\archival-alchemist\\vendor\\laravel\\framework\\src\\Illuminate\\Database\\Connection.php(407): Illuminate\\Database\\Connection->getPdoForSelect(true)
#10 C:\\Users\\maria\\OneDrive\\Documents\\archival-alchemist\\vendor\\laravel\\framework\\src\\Illuminate\\Database\\Connection.php(812): Illuminate\\Database\\Connection->Illuminate\\Database\\{closure}('select * from `...', Array)
#11 C:\\Users\\maria\\OneDrive\\Documents\\archival-alchemist\\vendor\\laravel\\framework\\src\\Illuminate\\Database\\Connection.php(979): Illuminate\\Database\\Connection->runQueryCallback('select * from `...', Array, Object(Closure))
#12 C:\\Users\\maria\\OneDrive\\Documents\\archival-alchemist\\vendor\\laravel\\framework\\src\\Illuminate\\Database\\Connection.php(958): Illuminate\\Database\\Connection->tryAgainIfCausedByLostConnection(Object(Illuminate\\Database\\QueryException), 'select * from `...', Array, Object(Closure))
#13 C:\\Users\\maria\\OneDrive\\Documents\\archival-alchemist\\vendor\\laravel\\framework\\src\\Illuminate\\Database\\Connection.php(781): Illuminate\\Database\\Connection->handleQueryException(Object(Illuminate\\Database\\QueryException), 'select * from `...', Array, Object(Closure))
#14 C:\\Users\\maria\\OneDrive\\Documents\\archival-alchemist\\vendor\\laravel\\framework\\src\\Illuminate\\Database\\Connection.php(398): Illuminate\\Database\\Connection->run('select * from `...', Array, Object(Closure))
#15 C:\\Users\\maria\\OneDrive\\Documents\\archival-alchemist\\vendor\\laravel\\framework\\src\\Illuminate\\Database\\Query\\Builder.php(3132): Illuminate\\Database\\Connection->select('select * from `...', Array, true)
#16 C:\\Users\\maria\\OneDrive\\Documents\\archival-alchemist\\vendor\\laravel\\framework\\src\\Illuminate\\Database\\Query\\Builder.php(3117): Illuminate\\Database\\Query\\Builder->runSelect()
#17 C:\\Users\\maria\\OneDrive\\Documents\\archival-alchemist\\vendor\\laravel\\framework\\src\\Illuminate\\Database\\Query\\Builder.php(3705): Illuminate\\Database\\Query\\Builder->Illuminate\\Database\\Query\\{closure}()
#18 C:\\Users\\maria\\OneDrive\\Documents\\archival-alchemist\\vendor\\laravel\\framework\\src\\Illuminate\\Database\\Query\\Builder.php(3116): Illuminate\\Database\\Query\\Builder->onceWithColumns(Array, Object(Closure))
#19 C:\\Users\\maria\\OneDrive\\Documents\\archival-alchemist\\vendor\\laravel\\framework\\src\\Illuminate\\Database\\Concerns\\BuildsQueries.php(344): Illuminate\\Database\\Query\\Builder->get(Array)
#20 C:\\Users\\maria\\OneDrive\\Documents\\archival-alchemist\\vendor\\laravel\\framework\\src\\Illuminate\\Database\\Query\\Builder.php(3037): Illuminate\\Database\\Query\\Builder->first(Array)
#21 C:\\Users\\maria\\OneDrive\\Documents\\archival-alchemist\\vendor\\laravel\\framework\\src\\Illuminate\\Session\\DatabaseSessionHandler.php(97): Illuminate\\Database\\Query\\Builder->find('lwkMmVOXo1LxvJ5...')
#22 C:\\Users\\maria\\OneDrive\\Documents\\archival-alchemist\\vendor\\laravel\\framework\\src\\Illuminate\\Session\\Store.php(113): Illuminate\\Session\\DatabaseSessionHandler->read('lwkMmVOXo1LxvJ5...')
#23 C:\\Users\\maria\\OneDrive\\Documents\\archival-alchemist\\vendor\\laravel\\framework\\src\\Illuminate\\Session\\Store.php(101): Illuminate\\Session\\Store->readFromHandler()
#24 C:\\Users\\maria\\OneDrive\\Documents\\archival-alchemist\\vendor\\laravel\\framework\\src\\Illuminate\\Session\\Store.php(85): Illuminate\\Session\\Store->loadSession()
#25 C:\\Users\\maria\\OneDrive\\Documents\\archival-alchemist\\vendor\\laravel\\framework\\src\\Illuminate\\Session\\Middleware\\StartSession.php(147): Illuminate\\Session\\Store->start()
#26 C:\\Users\\maria\\OneDrive\\Documents\\archival-alchemist\\vendor\\laravel\\framework\\src\\Illuminate\\Support\\helpers.php(380): Illuminate\\Session\\Middleware\\StartSession->Illuminate\\Session\\Middleware\\{closure}(Object(Illuminate\\Session\\Store))
#27 C:\\Users\\maria\\OneDrive\\Documents\\archival-alchemist\\vendor\\laravel\\framework\\src\\Illuminate\\Session\\Middleware\\StartSession.php(144): tap(Object(Illuminate\\Session\\Store), Object(Closure))
#28 C:\\Users\\maria\\OneDrive\\Documents\\archival-alchemist\\vendor\\laravel\\framework\\src\\Illuminate\\Session\\Middleware\\StartSession.php(116): Illuminate\\Session\\Middleware\\StartSession->startSession(Object(Illuminate\\Http\\Request), Object(Illuminate\\Session\\Store))
#29 C:\\Users\\maria\\OneDrive\\Documents\\archival-alchemist\\vendor\\laravel\\framework\\src\\Illuminate\\Session\\Middleware\\StartSession.php(64): Illuminate\\Session\\Middleware\\StartSession->handleStatefulRequest(Object(Illuminate\\Http\\Request), Object(Illuminate\\Session\\Store), Object(Closure))
#30 C:\\Users\\maria\\OneDrive\\Documents\\archival-alchemist\\vendor\\laravel\\framework\\src\\Illuminate\\Pipeline\\Pipeline.php(183): Illuminate\\Session\\Middleware\\StartSession->handle(Object(Illuminate\\Http\\Request), Object(Closure))
#31 C:\\Users\\maria\\OneDrive\\Documents\\archival-alchemist\\vendor\\laravel\\framework\\src\\Illuminate\\Cookie\\Middleware\\AddQueuedCookiesToResponse.php(37): Illuminate\\Pipeline\\Pipeline->Illuminate\\Pipeline\\{closure}(Object(Illuminate\\Http\\Request))
#32 C:\\Users\\maria\\OneDrive\\Documents\\archival-alchemist\\vendor\\laravel\\framework\\src\\Illuminate\\Pipeline\\Pipeline.php(183): Illuminate\\Cookie\\Middleware\\AddQueuedCookiesToResponse->handle(Object(Illuminate\\Http\\Request), Object(Closure))
#33 C:\\Users\\maria\\OneDrive\\Documents\\archival-alchemist\\vendor\\laravel\\framework\\src\\Illuminate\\Cookie\\Middleware\\EncryptCookies.php(75): Illuminate\\Pipeline\\Pipeline->Illuminate\\Pipeline\\{closure}(Object(Illuminate\\Http\\Request))
#34 C:\\Users\\maria\\OneDrive\\Documents\\archival-alchemist\\vendor\\laravel\\framework\\src\\Illuminate\\Pipeline\\Pipeline.php(183): Illuminate\\Cookie\\Middleware\\EncryptCookies->handle(Object(Illuminate\\Http\\Request), Object(Closure))
#35 C:\\Users\\maria\\OneDrive\\Documents\\archival-alchemist\\vendor\\laravel\\framework\\src\\Illuminate\\Pipeline\\Pipeline.php(119): Illuminate\\Pipeline\\Pipeline->Illuminate\\Pipeline\\{closure}(Object(Illuminate\\Http\\Request))
#36 C:\\Users\\maria\\OneDrive\\Documents\\archival-alchemist\\vendor\\laravel\\framework\\src\\Illuminate\\Routing\\Router.php(807): Illuminate\\Pipeline\\Pipeline->then(Object(Closure))
#37 C:\\Users\\maria\\OneDrive\\Documents\\archival-alchemist\\vendor\\laravel\\framework\\src\\Illuminate\\Routing\\Router.php(786): Illuminate\\Routing\\Router->runRouteWithinStack(Object(Illuminate\\Routing\\Route), Object(Illuminate\\Http\\Request))
#38 C:\\Users\\maria\\OneDrive\\Documents\\archival-alchemist\\vendor\\laravel\\framework\\src\\Illuminate\\Routing\\Router.php(750): Illuminate\\Routing\\Router->runRoute(Object(Illuminate\\Http\\Request), Object(Illuminate\\Routing\\Route))
#39 C:\\Users\\maria\\OneDrive\\Documents\\archival-alchemist\\vendor\\laravel\\framework\\src\\Illuminate\\Routing\\Router.php(739): Illuminate\\Routing\\Router->dispatchToRoute(Object(Illuminate\\Http\\Request))
#40 C:\\Users\\maria\\OneDrive\\Documents\\archival-alchemist\\vendor\\laravel\\framework\\src\\Illuminate\\Foundation\\Http\\Kernel.php(201): Illuminate\\Routing\\Router->dispatch(Object(Illuminate\\Http\\Request))
#41 C:\\Users\\maria\\OneDrive\\Documents\\archival-alchemist\\vendor\\laravel\\framework\\src\\Illuminate\\Pipeline\\Pipeline.php(144): Illuminate\\Foundation\\Http\\Kernel->Illuminate\\Foundation\\Http\\{closure}(Object(Illuminate\\Http\\Request))
#42 C:\\Users\\maria\\OneDrive\\Documents\\archival-alchemist\\vendor\\laravel\\framework\\src\\Illuminate\\Foundation\\Http\\Middleware\\TransformsRequest.php(21): Illuminate\\Pipeline\\Pipeline->Illuminate\\Pipeline\\{closure}(Object(Illuminate\\Http\\Request))
#43 C:\\Users\\maria\\OneDrive\\Documents\\archival-alchemist\\vendor\\laravel\\framework\\src\\Illuminate\\Foundation\\Http\\Middleware\\ConvertEmptyStringsToNull.php(31): Illuminate\\Foundation\\Http\\Middleware\\TransformsRequest->handle(Object(Illuminate\\Http\\Request), Object(Closure))
#44 C:\\Users\\maria\\OneDrive\\Documents\\archival-alchemist\\vendor\\laravel\\framework\\src\\Illuminate\\Pipeline\\Pipeline.php(183): Illuminate\\Foundation\\Http\\Middleware\\ConvertEmptyStringsToNull->handle(Object(Illuminate\\Http\\Request), Object(Closure))
#45 C:\\Users\\maria\\OneDrive\\Documents\\archival-alchemist\\vendor\\laravel\\framework\\src\\Illuminate\\Foundation\\Http\\Middleware\\TransformsRequest.php(21): Illuminate\\Pipeline\\Pipeline->Illuminate\\Pipeline\\{closure}(Object(Illuminate\\Http\\Request))
#46 C:\\Users\\maria\\OneDrive\\Documents\\archival-alchemist\\vendor\\laravel\\framework\\src\\Illuminate\\Foundation\\Http\\Middleware\\TrimStrings.php(51): Illuminate\\Foundation\\Http\\Middleware\\TransformsRequest->handle(Object(Illuminate\\Http\\Request), Object(Closure))
#47 C:\\Users\\maria\\OneDrive\\Documents\\archival-alchemist\\vendor\\laravel\\framework\\src\\Illuminate\\Pipeline\\Pipeline.php(183): Illuminate\\Foundation\\Http\\Middleware\\TrimStrings->handle(Object(Illuminate\\Http\\Request), Object(Closure))
#48 C:\\Users\\maria\\OneDrive\\Documents\\archival-alchemist\\vendor\\laravel\\framework\\src\\Illuminate\\Http\\Middleware\\ValidatePostSize.php(27): Illuminate\\Pipeline\\Pipeline->Illuminate\\Pipeline\\{closure}(Object(Illuminate\\Http\\Request))
#49 C:\\Users\\maria\\OneDrive\\Documents\\archival-alchemist\\vendor\\laravel\\framework\\src\\Illuminate\\Pipeline\\Pipeline.php(183): Illuminate\\Http\\Middleware\\ValidatePostSize->handle(Object(Illuminate\\Http\\Request), Object(Closure))
#50 C:\\Users\\maria\\OneDrive\\Documents\\archival-alchemist\\vendor\\laravel\\framework\\src\\Illuminate\\Foundation\\Http\\Middleware\\PreventRequestsDuringMaintenance.php(110): Illuminate\\Pipeline\\Pipeline->Illuminate\\Pipeline\\{closure}(Object(Illuminate\\Http\\Request))
#51 C:\\Users\\maria\\OneDrive\\Documents\\archival-alchemist\\vendor\\laravel\\framework\\src\\Illuminate\\Pipeline\\Pipeline.php(183): Illuminate\\Foundation\\Http\\Middleware\\PreventRequestsDuringMaintenance->handle(Object(Illuminate\\Http\\Request), Object(Closure))
#52 C:\\Users\\maria\\OneDrive\\Documents\\archival-alchemist\\vendor\\laravel\\framework\\src\\Illuminate\\Http\\Middleware\\HandleCors.php(49): Illuminate\\Pipeline\\Pipeline->Illuminate\\Pipeline\\{closure}(Object(Illuminate\\Http\\Request))
#53 C:\\Users\\maria\\OneDrive\\Documents\\archival-alchemist\\vendor\\laravel\\framework\\src\\Illuminate\\Pipeline\\Pipeline.php(183): Illuminate\\Http\\Middleware\\HandleCors->handle(Object(Illuminate\\Http\\Request), Object(Closure))
#54 C:\\Users\\maria\\OneDrive\\Documents\\archival-alchemist\\vendor\\laravel\\framework\\src\\Illuminate\\Http\\Middleware\\TrustProxies.php(58): Illuminate\\Pipeline\\Pipeline->Illuminate\\Pipeline\\{closure}(Object(Illuminate\\Http\\Request))
#55 C:\\Users\\maria\\OneDrive\\Documents\\archival-alchemist\\vendor\\laravel\\framework\\src\\Illuminate\\Pipeline\\Pipeline.php(183): Illuminate\\Http\\Middleware\\TrustProxies->handle(Object(Illuminate\\Http\\Request), Object(Closure))
#56 C:\\Users\\maria\\OneDrive\\Documents\\archival-alchemist\\vendor\\laravel\\framework\\src\\Illuminate\\Foundation\\Http\\Middleware\\InvokeDeferredCallbacks.php(22): Illuminate\\Pipeline\\Pipeline->Illuminate\\Pipeline\\{closure}(Object(Illuminate\\Http\\Request))
#57 C:\\Users\\maria\\OneDrive\\Documents\\archival-alchemist\\vendor\\laravel\\framework\\src\\Illuminate\\Pipeline\\Pipeline.php(183): Illuminate\\Foundation\\Http\\Middleware\\InvokeDeferredCallbacks->handle(Object(Illuminate\\Http\\Request), Object(Closure))
#58 C:\\Users\\maria\\OneDrive\\Documents\\archival-alchemist\\vendor\\laravel\\framework\\src\\Illuminate\\Pipeline\\Pipeline.php(119): Illuminate\\Pipeline\\Pipeline->Illuminate\\Pipeline\\{closure}(Object(Illuminate\\Http\\Request))
#59 C:\\Users\\maria\\OneDrive\\Documents\\archival-alchemist\\vendor\\laravel\\framework\\src\\Illuminate\\Foundation\\Http\\Kernel.php(176): Illuminate\\Pipeline\\Pipeline->then(Object(Closure))
#60 C:\\Users\\maria\\OneDrive\\Documents\\archival-alchemist\\vendor\\laravel\\framework\\src\\Illuminate\\Foundation\\Http\\Kernel.php(145): Illuminate\\Foundation\\Http\\Kernel->sendRequestThroughRouter(Object(Illuminate\\Http\\Request))
#61 C:\\Users\\maria\\OneDrive\\Documents\\archival-alchemist\\vendor\\laravel\\framework\\src\\Illuminate\\Foundation\\Application.php(1188): Illuminate\\Foundation\\Http\\Kernel->handle(Object(Illuminate\\Http\\Request))
#62 C:\\Users\\maria\\OneDrive\\Documents\\archival-alchemist\\public\\index.php(21): Illuminate\\Foundation\\Application->handleRequest(Object(Illuminate\\Http\\Request))
#63 C:\\Users\\maria\\OneDrive\\Documents\\archival-alchemist\\vendor\\laravel\\framework\\src\\Illuminate\\Foundation\\resources\\server.php(23): require_once('C:\\\\Users\\\\maria\\\\...')
#64 {main}
"} 
[2024-12-02 04:17:02] local.INFO: hello  
[2024-12-02 04:17:07] local.INFO: []  
[2024-12-02 04:17:09] local.INFO: My keyword:   
[2024-12-02 04:17:09] local.INFO: Search field: Title  
[2024-12-02 04:17:09] local.INFO: Published Manuscripts: {"manuscripts":{"Illuminate\\Database\\Eloquent\\Collection":[]}} 
[2024-12-02 04:17:09] local.INFO: No manuscripts found for the given keyword and search field.  
[2024-12-02 04:17:22] local.INFO: []  
[2024-12-02 04:17:22] local.INFO: Forum Posts Retrieved: [{"id":3,"title":"ehdcjhjwdf","body":"djfdsfjdf","user_id":1,"viewCount":213,"comments":0,"created_at":"2024-11-25T16:19:11.000000Z","updated_at":"2024-11-30T21:24:17.000000Z","status":"Visible","user":{"id":1,"name":"Carmel Tabada","email":"carmel@gmail.com","email_verified_at":null,"uni_id_num":null,"user_pnum":null,"user_aboutme":null,"user_type":"general_user","user_status":"active","is_premium":false,"user_pic":"storage/profile_pics/Carmel Tabada_1732452873.png","created_at":"2024-11-24T09:32:43.000000Z","updated_at":"2024-11-24T12:54:33.000000Z","user_dob":"9/25/2002","is_affiliated":0,"active_status":0,"avatar":"avatar.png","dark_mode":0,"messenger_color":null,"google_user_id":null,"google_access_token":null,"google_refresh_token":null,"google_token_expiry":null},"tags":[{"id":2,"name":"djfsdf","created_at":"2024-11-25T16:19:11.000000Z","updated_at":"2024-11-25T16:19:11.000000Z","pivot":{"forum_post_id":3,"forum_tag_id":2}},{"id":3,"name":"sdfsdf","created_at":"2024-11-25T16:19:11.000000Z","updated_at":"2024-11-25T16:19:11.000000Z","pivot":{"forum_post_id":3,"forum_tag_id":3}}]}] 
[2024-12-02 04:17:26] local.INFO: Fetching post with ID: 3  
[2024-12-02 04:28:07] local.INFO: Fetching post with ID: 3  
[2024-12-02 04:28:09] local.INFO: Fetching post with ID: 3  
[2024-12-02 04:28:10] local.INFO: Fetching post with ID: 3  
[2024-12-02 04:28:11] local.INFO: Fetching post with ID: 3  
[2024-12-02 04:28:12] local.INFO: Fetching post with ID: 3  
[2024-12-02 04:28:12] local.INFO: Fetching post with ID: 3  
[2024-12-02 04:28:13] local.INFO: Fetching post with ID: 3  
[2024-12-02 04:28:14] local.INFO: Fetching post with ID: 3  
[2024-12-02 04:28:15] local.INFO: Fetching post with ID: 3  
[2024-12-02 04:29:18] local.INFO: []  
[2024-12-02 04:29:19] local.INFO: Forum Posts Retrieved: [{"id":3,"title":"ehdcjhjwdf","body":"djfdsfjdf","user_id":1,"viewCount":223,"comments":0,"created_at":"2024-11-25T16:19:11.000000Z","updated_at":"2024-12-02T04:28:15.000000Z","status":"Visible","user":{"id":1,"name":"Carmel Tabada","email":"carmel@gmail.com","email_verified_at":null,"uni_id_num":null,"user_pnum":null,"user_aboutme":null,"user_type":"general_user","user_status":"active","is_premium":false,"user_pic":"storage/profile_pics/Carmel Tabada_1732452873.png","created_at":"2024-11-24T09:32:43.000000Z","updated_at":"2024-11-24T12:54:33.000000Z","user_dob":"9/25/2002","is_affiliated":0,"active_status":0,"avatar":"avatar.png","dark_mode":0,"messenger_color":null,"google_user_id":null,"google_access_token":null,"google_refresh_token":null,"google_token_expiry":null},"tags":[{"id":2,"name":"djfsdf","created_at":"2024-11-25T16:19:11.000000Z","updated_at":"2024-11-25T16:19:11.000000Z","pivot":{"forum_post_id":3,"forum_tag_id":2}},{"id":3,"name":"sdfsdf","created_at":"2024-11-25T16:19:11.000000Z","updated_at":"2024-11-25T16:19:11.000000Z","pivot":{"forum_post_id":3,"forum_tag_id":3}}]}] 
[2024-12-02 04:29:23] local.INFO: []  
[2024-12-02 04:29:24] local.INFO: Forum Posts Retrieved: [{"id":3,"title":"ehdcjhjwdf","body":"djfdsfjdf","user_id":1,"viewCount":223,"comments":0,"created_at":"2024-11-25T16:19:11.000000Z","updated_at":"2024-12-02T04:28:15.000000Z","status":"Visible","user":{"id":1,"name":"Carmel Tabada","email":"carmel@gmail.com","email_verified_at":null,"uni_id_num":null,"user_pnum":null,"user_aboutme":null,"user_type":"general_user","user_status":"active","is_premium":false,"user_pic":"storage/profile_pics/Carmel Tabada_1732452873.png","created_at":"2024-11-24T09:32:43.000000Z","updated_at":"2024-11-24T12:54:33.000000Z","user_dob":"9/25/2002","is_affiliated":0,"active_status":0,"avatar":"avatar.png","dark_mode":0,"messenger_color":null,"google_user_id":null,"google_access_token":null,"google_refresh_token":null,"google_token_expiry":null},"tags":[{"id":2,"name":"djfsdf","created_at":"2024-11-25T16:19:11.000000Z","updated_at":"2024-11-25T16:19:11.000000Z","pivot":{"forum_post_id":3,"forum_tag_id":2}},{"id":3,"name":"sdfsdf","created_at":"2024-11-25T16:19:11.000000Z","updated_at":"2024-11-25T16:19:11.000000Z","pivot":{"forum_post_id":3,"forum_tag_id":3}}]}] 
[2024-12-02 04:29:30] local.INFO: Fetching post with ID: 3  
[2024-12-02 04:29:39] local.INFO: wow  
[2024-12-02 04:29:39] local.INFO: Created comment: {"forum_post_id":3,"user_id":"01a","comment":"wow","updated_at":"2024-12-02T04:29:39.000000Z","created_at":"2024-12-02T04:29:39.000000Z","id":45} 
[2024-12-02 04:29:47] local.INFO: Fetching post with ID: 3  
[2024-12-02 04:33:29] local.INFO: Fetching post with ID: 3  
[2024-12-02 04:51:37] local.INFO: Fetching post with ID: 3  
[2024-12-02 04:51:50] local.INFO: Fetching post with ID: 3  
[2024-12-02 04:52:04] local.INFO: []  
[2024-12-02 04:52:05] local.INFO: Forum Posts Retrieved: [{"id":3,"title":"ehdcjhjwdf","body":"djfdsfjdf","user_id":1,"viewCount":228,"comments":0,"created_at":"2024-11-25T16:19:11.000000Z","updated_at":"2024-12-02T04:51:50.000000Z","status":"Visible","user":{"id":1,"name":"Carmel Tabada","email":"carmel@gmail.com","email_verified_at":null,"uni_id_num":null,"user_pnum":null,"user_aboutme":null,"user_type":"general_user","user_status":"active","is_premium":false,"user_pic":"storage/profile_pics/Carmel Tabada_1732452873.png","created_at":"2024-11-24T09:32:43.000000Z","updated_at":"2024-11-24T12:54:33.000000Z","user_dob":"9/25/2002","is_affiliated":0,"active_status":0,"avatar":"avatar.png","dark_mode":0,"messenger_color":null,"google_user_id":null,"google_access_token":null,"google_refresh_token":null,"google_token_expiry":null},"tags":[{"id":2,"name":"djfsdf","created_at":"2024-11-25T16:19:11.000000Z","updated_at":"2024-11-25T16:19:11.000000Z","pivot":{"forum_post_id":3,"forum_tag_id":2}},{"id":3,"name":"sdfsdf","created_at":"2024-11-25T16:19:11.000000Z","updated_at":"2024-11-25T16:19:11.000000Z","pivot":{"forum_post_id":3,"forum_tag_id":3}}]}] 
[2024-12-02 04:52:54] local.INFO: Fetching post with ID: 3  
[2024-12-02 05:01:37] local.INFO: new comment  
[2024-12-02 05:01:37] local.INFO: Created comment: {"forum_post_id":3,"user_id":"01a","comment":"new comment","updated_at":"2024-12-02T05:01:37.000000Z","created_at":"2024-12-02T05:01:37.000000Z","id":46} 
[2024-12-02 05:06:05] local.INFO: Fetching post with ID: 3  
[2024-12-02 05:06:14] local.INFO: new comment  
[2024-12-02 05:06:14] local.INFO: Created comment: {"forum_post_id":3,"user_id":"01a","comment":"new comment","updated_at":"2024-12-02T05:06:14.000000Z","created_at":"2024-12-02T05:06:14.000000Z","id":47} 
[2024-12-02 05:46:01] local.INFO: Fetching post with ID: 3  
[2024-12-02 05:46:30] local.INFO: []  
[2024-12-02 05:46:31] local.INFO: Forum Posts Retrieved: [{"id":3,"title":"ehdcjhjwdf","body":"djfdsfjdf","user_id":1,"viewCount":231,"comments":0,"created_at":"2024-11-25T16:19:11.000000Z","updated_at":"2024-12-02T05:46:01.000000Z","status":"Visible","user":{"id":1,"name":"Carmel Tabada","email":"carmel@gmail.com","email_verified_at":null,"uni_id_num":null,"user_pnum":null,"user_aboutme":null,"user_type":"general_user","user_status":"active","is_premium":false,"user_pic":"storage/profile_pics/Carmel Tabada_1732452873.png","created_at":"2024-11-24T09:32:43.000000Z","updated_at":"2024-11-24T12:54:33.000000Z","user_dob":"9/25/2002","is_affiliated":0,"active_status":0,"avatar":"avatar.png","dark_mode":0,"messenger_color":null,"google_user_id":null,"google_access_token":null,"google_refresh_token":null,"google_token_expiry":null},"tags":[{"id":2,"name":"djfsdf","created_at":"2024-11-25T16:19:11.000000Z","updated_at":"2024-11-25T16:19:11.000000Z","pivot":{"forum_post_id":3,"forum_tag_id":2}},{"id":3,"name":"sdfsdf","created_at":"2024-11-25T16:19:11.000000Z","updated_at":"2024-11-25T16:19:11.000000Z","pivot":{"forum_post_id":3,"forum_tag_id":3}}]}] 
[2024-12-02 05:47:05] local.INFO: Fetching post with ID: 3  
[2024-12-02 06:09:03] local.INFO: []  
[2024-12-02 06:09:04] local.INFO: Forum Posts Retrieved: [{"id":3,"title":"ehdcjhjwdf","body":"djfdsfjdf","user_id":1,"viewCount":232,"comments":0,"created_at":"2024-11-25T16:19:11.000000Z","updated_at":"2024-12-02T05:47:05.000000Z","status":"Visible","user":{"id":1,"name":"Carmel Tabada","email":"carmel@gmail.com","email_verified_at":null,"uni_id_num":null,"user_pnum":null,"user_aboutme":null,"user_type":"general_user","user_status":"active","is_premium":false,"user_pic":"storage/profile_pics/Carmel Tabada_1732452873.png","created_at":"2024-11-24T09:32:43.000000Z","updated_at":"2024-11-24T12:54:33.000000Z","user_dob":"9/25/2002","is_affiliated":0,"active_status":0,"avatar":"avatar.png","dark_mode":0,"messenger_color":null,"google_user_id":null,"google_access_token":null,"google_refresh_token":null,"google_token_expiry":null},"tags":[{"id":2,"name":"djfsdf","created_at":"2024-11-25T16:19:11.000000Z","updated_at":"2024-11-25T16:19:11.000000Z","pivot":{"forum_post_id":3,"forum_tag_id":2}},{"id":3,"name":"sdfsdf","created_at":"2024-11-25T16:19:11.000000Z","updated_at":"2024-11-25T16:19:11.000000Z","pivot":{"forum_post_id":3,"forum_tag_id":3}}]}] 
[2024-12-02 06:09:06] local.INFO: Fetching post with ID: 3  
[2024-12-02 06:53:15] local.INFO: []  
[2024-12-02 06:53:16] local.INFO: Forum Posts Retrieved: [{"id":3,"title":"ehdcjhjwdf","body":"djfdsfjdf","user_id":1,"viewCount":233,"comments":0,"created_at":"2024-11-25T16:19:11.000000Z","updated_at":"2024-12-02T06:09:06.000000Z","status":"Visible","user":{"id":1,"name":"Carmel Tabada","email":"carmel@gmail.com","email_verified_at":null,"uni_id_num":null,"user_pnum":null,"user_aboutme":null,"user_type":"general_user","user_status":"active","is_premium":false,"user_pic":"storage/profile_pics/Carmel Tabada_1732452873.png","created_at":"2024-11-24T09:32:43.000000Z","updated_at":"2024-11-24T12:54:33.000000Z","user_dob":"9/25/2002","is_affiliated":0,"active_status":0,"avatar":"avatar.png","dark_mode":0,"messenger_color":null,"google_user_id":null,"google_access_token":null,"google_refresh_token":null,"google_token_expiry":null},"tags":[{"id":2,"name":"djfsdf","created_at":"2024-11-25T16:19:11.000000Z","updated_at":"2024-11-25T16:19:11.000000Z","pivot":{"forum_post_id":3,"forum_tag_id":2}},{"id":3,"name":"sdfsdf","created_at":"2024-11-25T16:19:11.000000Z","updated_at":"2024-11-25T16:19:11.000000Z","pivot":{"forum_post_id":3,"forum_tag_id":3}}]}] 
[2024-12-02 06:53:19] local.INFO: Fetching post with ID: 3  
[2024-12-02 06:54:36] local.INFO: []  
[2024-12-02 06:54:37] local.INFO: Forum Posts Retrieved: [{"id":3,"title":"ehdcjhjwdf","body":"djfdsfjdf","user_id":1,"viewCount":234,"comments":0,"created_at":"2024-11-25T16:19:11.000000Z","updated_at":"2024-12-02T06:53:19.000000Z","status":"Visible","user":{"id":1,"name":"Carmel Tabada","email":"carmel@gmail.com","email_verified_at":null,"uni_id_num":null,"user_pnum":null,"user_aboutme":null,"user_type":"general_user","user_status":"active","is_premium":false,"user_pic":"storage/profile_pics/Carmel Tabada_1732452873.png","created_at":"2024-11-24T09:32:43.000000Z","updated_at":"2024-11-24T12:54:33.000000Z","user_dob":"9/25/2002","is_affiliated":0,"active_status":0,"avatar":"avatar.png","dark_mode":0,"messenger_color":null,"google_user_id":null,"google_access_token":null,"google_refresh_token":null,"google_token_expiry":null},"tags":[{"id":2,"name":"djfsdf","created_at":"2024-11-25T16:19:11.000000Z","updated_at":"2024-11-25T16:19:11.000000Z","pivot":{"forum_post_id":3,"forum_tag_id":2}},{"id":3,"name":"sdfsdf","created_at":"2024-11-25T16:19:11.000000Z","updated_at":"2024-11-25T16:19:11.000000Z","pivot":{"forum_post_id":3,"forum_tag_id":3}}]}] 
